{"C:\\spoon-platform\\apps\\web\\src\\app\\dashboard\\caja\\hooks\\useCaja.ts": {"path":"C:\\spoon-platform\\apps\\web\\src\\app\\dashboard\\caja\\hooks\\useCaja.ts","statementMap":{"0":{"start":{"line":29,"column":23},"end":{"line":540,"column":1}},"1":{"start":{"line":30,"column":39},"end":{"line":30,"column":54}},"2":{"start":{"line":31,"column":42},"end":{"line":31,"column":72}},"3":{"start":{"line":32,"column":48},"end":{"line":32,"column":78}},"4":{"start":{"line":34,"column":40},"end":{"line":34,"column":95}},"5":{"start":{"line":35,"column":34},"end":{"line":44,"column":4}},"6":{"start":{"line":45,"column":32},"end":{"line":45,"column":47}},"7":{"start":{"line":46,"column":28},"end":{"line":46,"column":57}},"8":{"start":{"line":47,"column":32},"end":{"line":47,"column":91}},"9":{"start":{"line":48,"column":46},"end":{"line":48,"column":75}},"10":{"start":{"line":53,"column":19},"end":{"line":53,"column":35}},"11":{"start":{"line":54,"column":29},"end":{"line":54,"column":61}},"12":{"start":{"line":56,"column":27},"end":{"line":255,"column":74}},"13":{"start":{"line":57,"column":4},"end":{"line":254,"column":5}},"14":{"start":{"line":58,"column":6},"end":{"line":58,"column":23}},"15":{"start":{"line":60,"column":22},"end":{"line":69,"column":7}},"16":{"start":{"line":62,"column":26},"end":{"line":62,"column":48}},"17":{"start":{"line":63,"column":10},"end":{"line":65,"column":11}},"18":{"start":{"line":64,"column":12},"end":{"line":64,"column":69}},"19":{"start":{"line":66,"column":10},"end":{"line":66,"column":25}},"20":{"start":{"line":71,"column":6},"end":{"line":71,"column":73}},"21":{"start":{"line":74,"column":67},"end":{"line":180,"column":8}},"22":{"start":{"line":78,"column":36},"end":{"line":91,"column":59}},"23":{"start":{"line":93,"column":12},"end":{"line":93,"column":35}},"24":{"start":{"line":93,"column":23},"end":{"line":93,"column":35}},"25":{"start":{"line":94,"column":12},"end":{"line":94,"column":30}},"26":{"start":{"line":102,"column":36},"end":{"line":115,"column":55}},"27":{"start":{"line":117,"column":12},"end":{"line":117,"column":35}},"28":{"start":{"line":117,"column":23},"end":{"line":117,"column":35}},"29":{"start":{"line":118,"column":12},"end":{"line":118,"column":30}},"30":{"start":{"line":125,"column":10},"end":{"line":130,"column":11}},"31":{"start":{"line":126,"column":12},"end":{"line":129,"column":14}},"32":{"start":{"line":127,"column":20},"end":{"line":127,"column":79}},"33":{"start":{"line":132,"column":24},"end":{"line":132,"column":69}},"34":{"start":{"line":134,"column":10},"end":{"line":149,"column":11}},"35":{"start":{"line":136,"column":24},"end":{"line":136,"column":41}},"36":{"start":{"line":137,"column":36},"end":{"line":137,"column":49}},"37":{"start":{"line":138,"column":27},"end":{"line":138,"column":42}},"38":{"start":{"line":139,"column":12},"end":{"line":139,"column":67}},"39":{"start":{"line":140,"column":27},"end":{"line":140,"column":43}},"40":{"start":{"line":141,"column":12},"end":{"line":141,"column":55}},"41":{"start":{"line":142,"column":25},"end":{"line":142,"column":57}},"42":{"start":{"line":143,"column":25},"end":{"line":143,"column":57}},"43":{"start":{"line":144,"column":26},"end":{"line":147,"column":13}},"44":{"start":{"line":145,"column":20},"end":{"line":145,"column":86}},"45":{"start":{"line":148,"column":12},"end":{"line":148,"column":25}},"46":{"start":{"line":150,"column":10},"end":{"line":162,"column":11}},"47":{"start":{"line":151,"column":22},"end":{"line":151,"column":44}},"48":{"start":{"line":152,"column":22},"end":{"line":152,"column":41}},"49":{"start":{"line":153,"column":26},"end":{"line":153,"column":53}},"50":{"start":{"line":154,"column":25},"end":{"line":154,"column":56}},"51":{"start":{"line":155,"column":25},"end":{"line":155,"column":56}},"52":{"start":{"line":156,"column":25},"end":{"line":156,"column":55}},"53":{"start":{"line":157,"column":26},"end":{"line":160,"column":13}},"54":{"start":{"line":158,"column":20},"end":{"line":158,"column":86}},"55":{"start":{"line":161,"column":12},"end":{"line":161,"column":25}},"56":{"start":{"line":164,"column":23},"end":{"line":164,"column":34}},"57":{"start":{"line":165,"column":24},"end":{"line":165,"column":53}},"58":{"start":{"line":166,"column":24},"end":{"line":169,"column":11}},"59":{"start":{"line":167,"column":18},"end":{"line":167,"column":84}},"60":{"start":{"line":170,"column":10},"end":{"line":170,"column":23}},"61":{"start":{"line":176,"column":20},"end":{"line":176,"column":72}},"62":{"start":{"line":183,"column":51},"end":{"line":190,"column":9}},"63":{"start":{"line":183,"column":81},"end":{"line":190,"column":7}},"64":{"start":{"line":192,"column":54},"end":{"line":199,"column":9}},"65":{"start":{"line":192,"column":88},"end":{"line":199,"column":7}},"66":{"start":{"line":202,"column":29},"end":{"line":203,"column":59}},"67":{"start":{"line":203,"column":32},"end":{"line":203,"column":55}},"68":{"start":{"line":206,"column":22},"end":{"line":222,"column":11}},"69":{"start":{"line":224,"column":22},"end":{"line":226,"column":11}},"70":{"start":{"line":229,"column":6},"end":{"line":229,"column":42}},"71":{"start":{"line":230,"column":6},"end":{"line":230,"column":48}},"72":{"start":{"line":231,"column":6},"end":{"line":240,"column":9}},"73":{"start":{"line":242,"column":6},"end":{"line":242,"column":21}},"74":{"start":{"line":243,"column":6},"end":{"line":243,"column":60}},"75":{"start":{"line":246,"column":6},"end":{"line":246,"column":63}},"76":{"start":{"line":247,"column":6},"end":{"line":247,"column":28}},"77":{"start":{"line":250,"column":28},"end":{"line":250,"column":53}},"78":{"start":{"line":251,"column":6},"end":{"line":251,"column":63}},"79":{"start":{"line":253,"column":6},"end":{"line":253,"column":24}},"80":{"start":{"line":259,"column":30},"end":{"line":259,"column":54}},"81":{"start":{"line":260,"column":2},"end":{"line":262,"column":25}},"82":{"start":{"line":261,"column":4},"end":{"line":261,"column":51}},"83":{"start":{"line":269,"column":23},"end":{"line":269,"column":81}},"84":{"start":{"line":271,"column":2},"end":{"line":381,"column":43}},"85":{"start":{"line":272,"column":4},"end":{"line":380,"column":5}},"86":{"start":{"line":273,"column":6},"end":{"line":273,"column":66}},"87":{"start":{"line":276,"column":6},"end":{"line":276,"column":36}},"88":{"start":{"line":279,"column":46},"end":{"line":279,"column":48}},"89":{"start":{"line":282,"column":35},"end":{"line":310,"column":10}},"90":{"start":{"line":290,"column":10},"end":{"line":290,"column":70}},"91":{"start":{"line":292,"column":35},"end":{"line":292,"column":65}},"92":{"start":{"line":295,"column":10},"end":{"line":309,"column":14}},"93":{"start":{"line":295,"column":31},"end":{"line":309,"column":11}},"94":{"start":{"line":311,"column":23},"end":{"line":311,"column":108}},"95":{"start":{"line":312,"column":6},"end":{"line":315,"column":9}},"96":{"start":{"line":313,"column":8},"end":{"line":314,"column":117}},"97":{"start":{"line":313,"column":68},"end":{"line":313,"column":91}},"98":{"start":{"line":314,"column":13},"end":{"line":314,"column":117}},"99":{"start":{"line":314,"column":87},"end":{"line":314,"column":117}},"100":{"start":{"line":318,"column":28},"end":{"line":336,"column":10}},"101":{"start":{"line":326,"column":10},"end":{"line":326,"column":64}},"102":{"start":{"line":328,"column":29},"end":{"line":328,"column":47}},"103":{"start":{"line":331,"column":10},"end":{"line":335,"column":14}},"104":{"start":{"line":331,"column":31},"end":{"line":335,"column":11}},"105":{"start":{"line":337,"column":24},"end":{"line":337,"column":95}},"106":{"start":{"line":338,"column":6},"end":{"line":341,"column":9}},"107":{"start":{"line":339,"column":8},"end":{"line":340,"column":96}},"108":{"start":{"line":339,"column":70},"end":{"line":339,"column":94}},"109":{"start":{"line":340,"column":13},"end":{"line":340,"column":96}},"110":{"start":{"line":340,"column":73},"end":{"line":340,"column":96}},"111":{"start":{"line":344,"column":29},"end":{"line":364,"column":10}},"112":{"start":{"line":352,"column":10},"end":{"line":363,"column":11}},"113":{"start":{"line":353,"column":12},"end":{"line":353,"column":66}},"114":{"start":{"line":356,"column":12},"end":{"line":356,"column":87}},"115":{"start":{"line":356,"column":36},"end":{"line":356,"column":85}},"116":{"start":{"line":356,"column":57},"end":{"line":356,"column":84}},"117":{"start":{"line":359,"column":12},"end":{"line":362,"column":16}},"118":{"start":{"line":359,"column":33},"end":{"line":362,"column":13}},"119":{"start":{"line":365,"column":25},"end":{"line":365,"column":98}},"120":{"start":{"line":366,"column":6},"end":{"line":369,"column":9}},"121":{"start":{"line":367,"column":8},"end":{"line":368,"column":99}},"122":{"start":{"line":367,"column":72},"end":{"line":367,"column":97}},"123":{"start":{"line":368,"column":13},"end":{"line":368,"column":99}},"124":{"start":{"line":368,"column":75},"end":{"line":368,"column":99}},"125":{"start":{"line":372,"column":6},"end":{"line":377,"column":8}},"126":{"start":{"line":373,"column":8},"end":{"line":373,"column":51}},"127":{"start":{"line":374,"column":8},"end":{"line":376,"column":11}},"128":{"start":{"line":375,"column":10},"end":{"line":375,"column":43}},"129":{"start":{"line":375,"column":16},"end":{"line":375,"column":20}},"130":{"start":{"line":379,"column":6},"end":{"line":379,"column":61}},"131":{"start":{"line":389,"column":21},"end":{"line":474,"column":1}},"132":{"start":{"line":394,"column":2},"end":{"line":473,"column":3}},"133":{"start":{"line":395,"column":4},"end":{"line":397,"column":5}},"134":{"start":{"line":396,"column":6},"end":{"line":396,"column":55}},"135":{"start":{"line":399,"column":4},"end":{"line":399,"column":21}},"136":{"start":{"line":400,"column":20},"end":{"line":400,"column":42}},"137":{"start":{"line":401,"column":4},"end":{"line":401,"column":60}},"138":{"start":{"line":401,"column":18},"end":{"line":401,"column":60}},"139":{"start":{"line":403,"column":4},"end":{"line":407,"column":7}},"140":{"start":{"line":409,"column":17},"end":{"line":429,"column":5}},"141":{"start":{"line":411,"column":32},"end":{"line":419,"column":10}},"142":{"start":{"line":421,"column":8},"end":{"line":424,"column":9}},"143":{"start":{"line":422,"column":10},"end":{"line":422,"column":73}},"144":{"start":{"line":423,"column":10},"end":{"line":423,"column":22}},"145":{"start":{"line":426,"column":8},"end":{"line":426,"column":20}},"146":{"start":{"line":432,"column":4},"end":{"line":448,"column":5}},"147":{"start":{"line":433,"column":6},"end":{"line":433,"column":56}},"148":{"start":{"line":435,"column":6},"end":{"line":439,"column":7}},"149":{"start":{"line":436,"column":32},"end":{"line":436,"column":53}},"150":{"start":{"line":437,"column":23},"end":{"line":437,"column":52}},"151":{"start":{"line":438,"column":8},"end":{"line":438,"column":71}},"152":{"start":{"line":441,"column":6},"end":{"line":445,"column":7}},"153":{"start":{"line":442,"column":32},"end":{"line":442,"column":53}},"154":{"start":{"line":443,"column":25},"end":{"line":443,"column":56}},"155":{"start":{"line":444,"column":8},"end":{"line":444,"column":74}},"156":{"start":{"line":447,"column":6},"end":{"line":447,"column":76}},"157":{"start":{"line":450,"column":4},"end":{"line":450,"column":56}},"158":{"start":{"line":452,"column":4},"end":{"line":454,"column":5}},"159":{"start":{"line":453,"column":6},"end":{"line":453,"column":81}},"160":{"start":{"line":457,"column":4},"end":{"line":462,"column":6}},"161":{"start":{"line":466,"column":4},"end":{"line":466,"column":53}},"162":{"start":{"line":467,"column":4},"end":{"line":470,"column":6}},"163":{"start":{"line":472,"column":4},"end":{"line":472,"column":22}},"164":{"start":{"line":479,"column":25},"end":{"line":481,"column":3}},"165":{"start":{"line":480,"column":4},"end":{"line":480,"column":51}},"166":{"start":{"line":483,"column":33},"end":{"line":483,"column":77}},"167":{"start":{"line":488,"column":23},"end":{"line":501,"column":3}},"168":{"start":{"line":489,"column":26},"end":{"line":489,"column":51}},"169":{"start":{"line":490,"column":4},"end":{"line":500,"column":6}},"170":{"start":{"line":506,"column":2},"end":{"line":539,"column":4}}},"fnMap":{"0":{"name":"(anonymous_0)","decl":{"start":{"line":29,"column":23},"end":{"line":29,"column":24}},"loc":{"start":{"line":29,"column":29},"end":{"line":540,"column":1}},"line":29},"1":{"name":"(anonymous_1)","decl":{"start":{"line":56,"column":39},"end":{"line":56,"column":40}},"loc":{"start":{"line":56,"column":51},"end":{"line":255,"column":3}},"line":56},"2":{"name":"(anonymous_2)","decl":{"start":{"line":61,"column":8},"end":{"line":61,"column":9}},"loc":{"start":{"line":61,"column":20},"end":{"line":67,"column":9}},"line":61},"3":{"name":"(anonymous_3)","decl":{"start":{"line":77,"column":10},"end":{"line":77,"column":11}},"loc":{"start":{"line":77,"column":22},"end":{"line":95,"column":11}},"line":77},"4":{"name":"(anonymous_4)","decl":{"start":{"line":101,"column":10},"end":{"line":101,"column":11}},"loc":{"start":{"line":101,"column":22},"end":{"line":119,"column":11}},"line":101},"5":{"name":"(anonymous_5)","decl":{"start":{"line":124,"column":9},"end":{"line":124,"column":10}},"loc":{"start":{"line":124,"column":21},"end":{"line":171,"column":9}},"line":124},"6":{"name":"(anonymous_6)","decl":{"start":{"line":127,"column":14},"end":{"line":127,"column":15}},"loc":{"start":{"line":127,"column":20},"end":{"line":127,"column":79}},"line":127},"7":{"name":"(anonymous_7)","decl":{"start":{"line":145,"column":14},"end":{"line":145,"column":15}},"loc":{"start":{"line":145,"column":20},"end":{"line":145,"column":86}},"line":145},"8":{"name":"(anonymous_8)","decl":{"start":{"line":158,"column":14},"end":{"line":158,"column":15}},"loc":{"start":{"line":158,"column":20},"end":{"line":158,"column":86}},"line":158},"9":{"name":"(anonymous_9)","decl":{"start":{"line":167,"column":12},"end":{"line":167,"column":13}},"loc":{"start":{"line":167,"column":18},"end":{"line":167,"column":84}},"line":167},"10":{"name":"(anonymous_10)","decl":{"start":{"line":176,"column":14},"end":{"line":176,"column":15}},"loc":{"start":{"line":176,"column":20},"end":{"line":176,"column":72}},"line":176},"11":{"name":"(anonymous_11)","decl":{"start":{"line":183,"column":65},"end":{"line":183,"column":66}},"loc":{"start":{"line":183,"column":81},"end":{"line":190,"column":7}},"line":183},"12":{"name":"(anonymous_12)","decl":{"start":{"line":192,"column":71},"end":{"line":192,"column":72}},"loc":{"start":{"line":192,"column":88},"end":{"line":199,"column":7}},"line":192},"13":{"name":"(anonymous_13)","decl":{"start":{"line":203,"column":16},"end":{"line":203,"column":17}},"loc":{"start":{"line":203,"column":32},"end":{"line":203,"column":55}},"line":203},"14":{"name":"(anonymous_14)","decl":{"start":{"line":260,"column":12},"end":{"line":260,"column":13}},"loc":{"start":{"line":260,"column":18},"end":{"line":262,"column":3}},"line":260},"15":{"name":"(anonymous_15)","decl":{"start":{"line":271,"column":12},"end":{"line":271,"column":13}},"loc":{"start":{"line":271,"column":18},"end":{"line":381,"column":3}},"line":271},"16":{"name":"(anonymous_16)","decl":{"start":{"line":289,"column":11},"end":{"line":289,"column":12}},"loc":{"start":{"line":289,"column":24},"end":{"line":310,"column":9}},"line":289},"17":{"name":"(anonymous_17)","decl":{"start":{"line":295,"column":22},"end":{"line":295,"column":23}},"loc":{"start":{"line":295,"column":31},"end":{"line":309,"column":11}},"line":295},"18":{"name":"(anonymous_18)","decl":{"start":{"line":312,"column":24},"end":{"line":312,"column":25}},"loc":{"start":{"line":312,"column":30},"end":{"line":315,"column":7}},"line":312},"19":{"name":"(anonymous_19)","decl":{"start":{"line":325,"column":11},"end":{"line":325,"column":12}},"loc":{"start":{"line":325,"column":24},"end":{"line":336,"column":9}},"line":325},"20":{"name":"(anonymous_20)","decl":{"start":{"line":331,"column":22},"end":{"line":331,"column":23}},"loc":{"start":{"line":331,"column":31},"end":{"line":335,"column":11}},"line":331},"21":{"name":"(anonymous_21)","decl":{"start":{"line":338,"column":24},"end":{"line":338,"column":25}},"loc":{"start":{"line":338,"column":30},"end":{"line":341,"column":7}},"line":338},"22":{"name":"(anonymous_22)","decl":{"start":{"line":351,"column":11},"end":{"line":351,"column":12}},"loc":{"start":{"line":351,"column":24},"end":{"line":364,"column":9}},"line":351},"23":{"name":"(anonymous_23)","decl":{"start":{"line":356,"column":28},"end":{"line":356,"column":29}},"loc":{"start":{"line":356,"column":36},"end":{"line":356,"column":85}},"line":356},"24":{"name":"(anonymous_24)","decl":{"start":{"line":356,"column":48},"end":{"line":356,"column":49}},"loc":{"start":{"line":356,"column":57},"end":{"line":356,"column":84}},"line":356},"25":{"name":"(anonymous_25)","decl":{"start":{"line":359,"column":24},"end":{"line":359,"column":25}},"loc":{"start":{"line":359,"column":33},"end":{"line":362,"column":13}},"line":359},"26":{"name":"(anonymous_26)","decl":{"start":{"line":366,"column":24},"end":{"line":366,"column":25}},"loc":{"start":{"line":366,"column":30},"end":{"line":369,"column":7}},"line":366},"27":{"name":"(anonymous_27)","decl":{"start":{"line":372,"column":13},"end":{"line":372,"column":14}},"loc":{"start":{"line":372,"column":19},"end":{"line":377,"column":7}},"line":372},"28":{"name":"(anonymous_28)","decl":{"start":{"line":374,"column":29},"end":{"line":374,"column":30}},"loc":{"start":{"line":374,"column":34},"end":{"line":376,"column":9}},"line":374},"29":{"name":"(anonymous_29)","decl":{"start":{"line":389,"column":21},"end":{"line":389,"column":22}},"loc":{"start":{"line":393,"column":5},"end":{"line":474,"column":1}},"line":393},"30":{"name":"(anonymous_30)","decl":{"start":{"line":410,"column":6},"end":{"line":410,"column":7}},"loc":{"start":{"line":410,"column":18},"end":{"line":427,"column":7}},"line":410},"31":{"name":"(anonymous_31)","decl":{"start":{"line":479,"column":25},"end":{"line":479,"column":26}},"loc":{"start":{"line":479,"column":80},"end":{"line":481,"column":3}},"line":479},"32":{"name":"(anonymous_32)","decl":{"start":{"line":488,"column":23},"end":{"line":488,"column":24}},"loc":{"start":{"line":488,"column":29},"end":{"line":501,"column":3}},"line":488}},"branchMap":{"0":{"loc":{"start":{"line":54,"column":29},"end":{"line":54,"column":61}},"type":"binary-expr","locations":[{"start":{"line":54,"column":29},"end":{"line":54,"column":56}},{"start":{"line":54,"column":60},"end":{"line":54,"column":61}}],"line":54},"1":{"loc":{"start":{"line":63,"column":10},"end":{"line":65,"column":11}},"type":"if","locations":[{"start":{"line":63,"column":10},"end":{"line":65,"column":11}},{"start":{},"end":{}}],"line":63},"2":{"loc":{"start":{"line":93,"column":12},"end":{"line":93,"column":35}},"type":"if","locations":[{"start":{"line":93,"column":12},"end":{"line":93,"column":35}},{"start":{},"end":{}}],"line":93},"3":{"loc":{"start":{"line":94,"column":19},"end":{"line":94,"column":29}},"type":"binary-expr","locations":[{"start":{"line":94,"column":19},"end":{"line":94,"column":23}},{"start":{"line":94,"column":27},"end":{"line":94,"column":29}}],"line":94},"4":{"loc":{"start":{"line":117,"column":12},"end":{"line":117,"column":35}},"type":"if","locations":[{"start":{"line":117,"column":12},"end":{"line":117,"column":35}},{"start":{},"end":{}}],"line":117},"5":{"loc":{"start":{"line":118,"column":19},"end":{"line":118,"column":29}},"type":"binary-expr","locations":[{"start":{"line":118,"column":19},"end":{"line":118,"column":23}},{"start":{"line":118,"column":27},"end":{"line":118,"column":29}}],"line":118},"6":{"loc":{"start":{"line":125,"column":10},"end":{"line":130,"column":11}},"type":"if","locations":[{"start":{"line":125,"column":10},"end":{"line":130,"column":11}},{"start":{},"end":{}}],"line":125},"7":{"loc":{"start":{"line":134,"column":10},"end":{"line":149,"column":11}},"type":"if","locations":[{"start":{"line":134,"column":10},"end":{"line":149,"column":11}},{"start":{},"end":{}}],"line":134},"8":{"loc":{"start":{"line":150,"column":10},"end":{"line":162,"column":11}},"type":"if","locations":[{"start":{"line":150,"column":10},"end":{"line":162,"column":11}},{"start":{},"end":{}}],"line":150},"9":{"loc":{"start":{"line":165,"column":24},"end":{"line":165,"column":53}},"type":"binary-expr","locations":[{"start":{"line":165,"column":24},"end":{"line":165,"column":38}},{"start":{"line":165,"column":42},"end":{"line":165,"column":53}}],"line":165},"10":{"loc":{"start":{"line":174,"column":8},"end":{"line":179,"column":33}},"type":"cond-expr","locations":[{"start":{"line":175,"column":12},"end":{"line":178,"column":13}},{"start":{"line":179,"column":12},"end":{"line":179,"column":33}}],"line":174},"11":{"loc":{"start":{"line":189,"column":18},"end":{"line":189,"column":82}},"type":"cond-expr","locations":[{"start":{"line":189,"column":39},"end":{"line":189,"column":70}},{"start":{"line":189,"column":73},"end":{"line":189,"column":82}}],"line":189},"12":{"loc":{"start":{"line":206,"column":22},"end":{"line":222,"column":11}},"type":"cond-expr","locations":[{"start":{"line":207,"column":10},"end":{"line":214,"column":11}},{"start":{"line":215,"column":10},"end":{"line":222,"column":11}}],"line":206},"13":{"loc":{"start":{"line":213,"column":25},"end":{"line":213,"column":62}},"type":"binary-expr","locations":[{"start":{"line":213,"column":25},"end":{"line":213,"column":57}},{"start":{"line":213,"column":61},"end":{"line":213,"column":62}}],"line":213},"14":{"loc":{"start":{"line":224,"column":22},"end":{"line":226,"column":11}},"type":"cond-expr","locations":[{"start":{"line":225,"column":10},"end":{"line":225,"column":72}},{"start":{"line":226,"column":10},"end":{"line":226,"column":11}}],"line":224},"15":{"loc":{"start":{"line":272,"column":4},"end":{"line":380,"column":5}},"type":"if","locations":[{"start":{"line":272,"column":4},"end":{"line":380,"column":5}},{"start":{"line":378,"column":11},"end":{"line":380,"column":5}}],"line":272},"16":{"loc":{"start":{"line":272,"column":8},"end":{"line":272,"column":44}},"type":"binary-expr","locations":[{"start":{"line":272,"column":8},"end":{"line":272,"column":32}},{"start":{"line":272,"column":36},"end":{"line":272,"column":44}}],"line":272},"17":{"loc":{"start":{"line":298,"column":27},"end":{"line":300,"column":34}},"type":"cond-expr","locations":[{"start":{"line":299,"column":16},"end":{"line":299,"column":65}},{"start":{"line":300,"column":16},"end":{"line":300,"column":34}}],"line":298},"18":{"loc":{"start":{"line":301,"column":26},"end":{"line":303,"column":33}},"type":"cond-expr","locations":[{"start":{"line":302,"column":16},"end":{"line":302,"column":64}},{"start":{"line":303,"column":16},"end":{"line":303,"column":33}}],"line":301},"19":{"loc":{"start":{"line":304,"column":26},"end":{"line":306,"column":33}},"type":"cond-expr","locations":[{"start":{"line":305,"column":16},"end":{"line":305,"column":64}},{"start":{"line":306,"column":16},"end":{"line":306,"column":33}}],"line":304},"20":{"loc":{"start":{"line":311,"column":23},"end":{"line":311,"column":108}},"type":"cond-expr","locations":[{"start":{"line":311,"column":74},"end":{"line":311,"column":101}},{"start":{"line":311,"column":104},"end":{"line":311,"column":108}}],"line":311},"21":{"loc":{"start":{"line":313,"column":8},"end":{"line":314,"column":117}},"type":"if","locations":[{"start":{"line":313,"column":8},"end":{"line":314,"column":117}},{"start":{"line":314,"column":13},"end":{"line":314,"column":117}}],"line":313},"22":{"loc":{"start":{"line":313,"column":12},"end":{"line":313,"column":66}},"type":"binary-expr","locations":[{"start":{"line":313,"column":12},"end":{"line":313,"column":20}},{"start":{"line":313,"column":24},"end":{"line":313,"column":66}}],"line":313},"23":{"loc":{"start":{"line":314,"column":13},"end":{"line":314,"column":117}},"type":"if","locations":[{"start":{"line":314,"column":13},"end":{"line":314,"column":117}},{"start":{},"end":{}}],"line":314},"24":{"loc":{"start":{"line":314,"column":17},"end":{"line":314,"column":85}},"type":"binary-expr","locations":[{"start":{"line":314,"column":17},"end":{"line":314,"column":32}},{"start":{"line":314,"column":36},"end":{"line":314,"column":85}}],"line":314},"25":{"loc":{"start":{"line":337,"column":24},"end":{"line":337,"column":95}},"type":"cond-expr","locations":[{"start":{"line":337,"column":68},"end":{"line":337,"column":88}},{"start":{"line":337,"column":91},"end":{"line":337,"column":95}}],"line":337},"26":{"loc":{"start":{"line":339,"column":8},"end":{"line":340,"column":96}},"type":"if","locations":[{"start":{"line":339,"column":8},"end":{"line":340,"column":96}},{"start":{"line":340,"column":13},"end":{"line":340,"column":96}}],"line":339},"27":{"loc":{"start":{"line":339,"column":12},"end":{"line":339,"column":68}},"type":"binary-expr","locations":[{"start":{"line":339,"column":12},"end":{"line":339,"column":21}},{"start":{"line":339,"column":25},"end":{"line":339,"column":68}}],"line":339},"28":{"loc":{"start":{"line":340,"column":13},"end":{"line":340,"column":96}},"type":"if","locations":[{"start":{"line":340,"column":13},"end":{"line":340,"column":96}},{"start":{},"end":{}}],"line":340},"29":{"loc":{"start":{"line":340,"column":17},"end":{"line":340,"column":71}},"type":"binary-expr","locations":[{"start":{"line":340,"column":17},"end":{"line":340,"column":25}},{"start":{"line":340,"column":29},"end":{"line":340,"column":71}}],"line":340},"30":{"loc":{"start":{"line":345,"column":33},"end":{"line":345,"column":57}},"type":"binary-expr","locations":[{"start":{"line":345,"column":33},"end":{"line":345,"column":45}},{"start":{"line":345,"column":49},"end":{"line":345,"column":57}}],"line":345},"31":{"loc":{"start":{"line":350,"column":18},"end":{"line":350,"column":79}},"type":"cond-expr","locations":[{"start":{"line":350,"column":33},"end":{"line":350,"column":67}},{"start":{"line":350,"column":70},"end":{"line":350,"column":79}}],"line":350},"32":{"loc":{"start":{"line":352,"column":10},"end":{"line":363,"column":11}},"type":"if","locations":[{"start":{"line":352,"column":10},"end":{"line":363,"column":11}},{"start":{},"end":{}}],"line":352},"33":{"loc":{"start":{"line":352,"column":14},"end":{"line":352,"column":80}},"type":"binary-expr","locations":[{"start":{"line":352,"column":14},"end":{"line":352,"column":45}},{"start":{"line":352,"column":49},"end":{"line":352,"column":80}}],"line":352},"34":{"loc":{"start":{"line":365,"column":25},"end":{"line":365,"column":98}},"type":"cond-expr","locations":[{"start":{"line":365,"column":70},"end":{"line":365,"column":91}},{"start":{"line":365,"column":94},"end":{"line":365,"column":98}}],"line":365},"35":{"loc":{"start":{"line":367,"column":8},"end":{"line":368,"column":99}},"type":"if","locations":[{"start":{"line":367,"column":8},"end":{"line":368,"column":99}},{"start":{"line":368,"column":13},"end":{"line":368,"column":99}}],"line":367},"36":{"loc":{"start":{"line":367,"column":12},"end":{"line":367,"column":70}},"type":"binary-expr","locations":[{"start":{"line":367,"column":12},"end":{"line":367,"column":22}},{"start":{"line":367,"column":26},"end":{"line":367,"column":70}}],"line":367},"37":{"loc":{"start":{"line":368,"column":13},"end":{"line":368,"column":99}},"type":"if","locations":[{"start":{"line":368,"column":13},"end":{"line":368,"column":99}},{"start":{},"end":{}}],"line":368},"38":{"loc":{"start":{"line":368,"column":17},"end":{"line":368,"column":73}},"type":"binary-expr","locations":[{"start":{"line":368,"column":17},"end":{"line":368,"column":26}},{"start":{"line":368,"column":30},"end":{"line":368,"column":73}}],"line":368},"39":{"loc":{"start":{"line":395,"column":4},"end":{"line":397,"column":5}},"type":"if","locations":[{"start":{"line":395,"column":4},"end":{"line":397,"column":5}},{"start":{},"end":{}}],"line":395},"40":{"loc":{"start":{"line":401,"column":4},"end":{"line":401,"column":60}},"type":"if","locations":[{"start":{"line":401,"column":4},"end":{"line":401,"column":60}},{"start":{},"end":{}}],"line":401},"41":{"loc":{"start":{"line":417,"column":28},"end":{"line":417,"column":62}},"type":"binary-expr","locations":[{"start":{"line":417,"column":28},"end":{"line":417,"column":41}},{"start":{"line":417,"column":45},"end":{"line":417,"column":62}}],"line":417},"42":{"loc":{"start":{"line":421,"column":8},"end":{"line":424,"column":9}},"type":"if","locations":[{"start":{"line":421,"column":8},"end":{"line":424,"column":9}},{"start":{},"end":{}}],"line":421},"43":{"loc":{"start":{"line":432,"column":4},"end":{"line":448,"column":5}},"type":"if","locations":[{"start":{"line":432,"column":4},"end":{"line":448,"column":5}},{"start":{},"end":{}}],"line":432},"44":{"loc":{"start":{"line":432,"column":8},"end":{"line":432,"column":30}},"type":"binary-expr","locations":[{"start":{"line":432,"column":8},"end":{"line":432,"column":13}},{"start":{"line":432,"column":17},"end":{"line":432,"column":30}}],"line":432},"45":{"loc":{"start":{"line":435,"column":6},"end":{"line":439,"column":7}},"type":"if","locations":[{"start":{"line":435,"column":6},"end":{"line":439,"column":7}},{"start":{},"end":{}}],"line":435},"46":{"loc":{"start":{"line":437,"column":23},"end":{"line":437,"column":52}},"type":"binary-expr","locations":[{"start":{"line":437,"column":23},"end":{"line":437,"column":46}},{"start":{"line":437,"column":50},"end":{"line":437,"column":52}}],"line":437},"47":{"loc":{"start":{"line":441,"column":6},"end":{"line":445,"column":7}},"type":"if","locations":[{"start":{"line":441,"column":6},"end":{"line":445,"column":7}},{"start":{},"end":{}}],"line":441},"48":{"loc":{"start":{"line":443,"column":25},"end":{"line":443,"column":56}},"type":"binary-expr","locations":[{"start":{"line":443,"column":25},"end":{"line":443,"column":50}},{"start":{"line":443,"column":54},"end":{"line":443,"column":56}}],"line":443},"49":{"loc":{"start":{"line":447,"column":22},"end":{"line":447,"column":74}},"type":"binary-expr","locations":[{"start":{"line":447,"column":22},"end":{"line":447,"column":35}},{"start":{"line":447,"column":39},"end":{"line":447,"column":74}}],"line":447},"50":{"loc":{"start":{"line":452,"column":4},"end":{"line":454,"column":5}},"type":"if","locations":[{"start":{"line":452,"column":4},"end":{"line":454,"column":5}},{"start":{},"end":{}}],"line":452},"51":{"loc":{"start":{"line":492,"column":24},"end":{"line":492,"column":64}},"type":"binary-expr","locations":[{"start":{"line":492,"column":24},"end":{"line":492,"column":48}},{"start":{"line":492,"column":52},"end":{"line":492,"column":64}}],"line":492},"52":{"loc":{"start":{"line":495,"column":20},"end":{"line":499,"column":14}},"type":"cond-expr","locations":[{"start":{"line":495,"column":35},"end":{"line":499,"column":7}},{"start":{"line":499,"column":10},"end":{"line":499,"column":14}}],"line":495}},"s":{"0":0,"1":0,"2":0,"3":0,"4":0,"5":0,"6":0,"7":0,"8":0,"9":0,"10":0,"11":0,"12":0,"13":0,"14":0,"15":0,"16":0,"17":0,"18":0,"19":0,"20":0,"21":0,"22":0,"23":0,"24":0,"25":0,"26":0,"27":0,"28":0,"29":0,"30":0,"31":0,"32":0,"33":0,"34":0,"35":0,"36":0,"37":0,"38":0,"39":0,"40":0,"41":0,"42":0,"43":0,"44":0,"45":0,"46":0,"47":0,"48":0,"49":0,"50":0,"51":0,"52":0,"53":0,"54":0,"55":0,"56":0,"57":0,"58":0,"59":0,"60":0,"61":0,"62":0,"63":0,"64":0,"65":0,"66":0,"67":0,"68":0,"69":0,"70":0,"71":0,"72":0,"73":0,"74":0,"75":0,"76":0,"77":0,"78":0,"79":0,"80":0,"81":0,"82":0,"83":0,"84":0,"85":0,"86":0,"87":0,"88":0,"89":0,"90":0,"91":0,"92":0,"93":0,"94":0,"95":0,"96":0,"97":0,"98":0,"99":0,"100":0,"101":0,"102":0,"103":0,"104":0,"105":0,"106":0,"107":0,"108":0,"109":0,"110":0,"111":0,"112":0,"113":0,"114":0,"115":0,"116":0,"117":0,"118":0,"119":0,"120":0,"121":0,"122":0,"123":0,"124":0,"125":0,"126":0,"127":0,"128":0,"129":0,"130":0,"131":0,"132":0,"133":0,"134":0,"135":0,"136":0,"137":0,"138":0,"139":0,"140":0,"141":0,"142":0,"143":0,"144":0,"145":0,"146":0,"147":0,"148":0,"149":0,"150":0,"151":0,"152":0,"153":0,"154":0,"155":0,"156":0,"157":0,"158":0,"159":0,"160":0,"161":0,"162":0,"163":0,"164":0,"165":0,"166":0,"167":0,"168":0,"169":0,"170":0},"f":{"0":0,"1":0,"2":0,"3":0,"4":0,"5":0,"6":0,"7":0,"8":0,"9":0,"10":0,"11":0,"12":0,"13":0,"14":0,"15":0,"16":0,"17":0,"18":0,"19":0,"20":0,"21":0,"22":0,"23":0,"24":0,"25":0,"26":0,"27":0,"28":0,"29":0,"30":0,"31":0,"32":0},"b":{"0":[0,0],"1":[0,0],"2":[0,0],"3":[0,0],"4":[0,0],"5":[0,0],"6":[0,0],"7":[0,0],"8":[0,0],"9":[0,0],"10":[0,0],"11":[0,0],"12":[0,0],"13":[0,0],"14":[0,0],"15":[0,0],"16":[0,0],"17":[0,0],"18":[0,0],"19":[0,0],"20":[0,0],"21":[0,0],"22":[0,0],"23":[0,0],"24":[0,0],"25":[0,0],"26":[0,0],"27":[0,0],"28":[0,0],"29":[0,0],"30":[0,0],"31":[0,0],"32":[0,0],"33":[0,0],"34":[0,0],"35":[0,0],"36":[0,0],"37":[0,0],"38":[0,0],"39":[0,0],"40":[0,0],"41":[0,0],"42":[0,0],"43":[0,0],"44":[0,0],"45":[0,0],"46":[0,0],"47":[0,0],"48":[0,0],"49":[0,0],"50":[0,0],"51":[0,0],"52":[0,0]}}
,"C:\\spoon-platform\\apps\\web\\src\\app\\dashboard\\caja\\hooks\\useCajaSesion.ts": {"path":"C:\\spoon-platform\\apps\\web\\src\\app\\dashboard\\caja\\hooks\\useCajaSesion.ts","statementMap":{"0":{"start":{"line":15,"column":29},"end":{"line":347,"column":1}},"1":{"start":{"line":16,"column":42},"end":{"line":16,"column":75}},"2":{"start":{"line":17,"column":38},"end":{"line":17,"column":80}},"3":{"start":{"line":18,"column":32},"end":{"line":18,"column":46}},"4":{"start":{"line":19,"column":28},"end":{"line":19,"column":57}},"5":{"start":{"line":20,"column":56},"end":{"line":20,"column":71}},"6":{"start":{"line":21,"column":28},"end":{"line":21,"column":41}},"7":{"start":{"line":22,"column":22},"end":{"line":22,"column":49}},"8":{"start":{"line":24,"column":21},"end":{"line":116,"column":20}},"9":{"start":{"line":25,"column":4},"end":{"line":115,"column":5}},"10":{"start":{"line":26,"column":6},"end":{"line":26,"column":23}},"11":{"start":{"line":27,"column":6},"end":{"line":27,"column":21}},"12":{"start":{"line":29,"column":22},"end":{"line":29,"column":44}},"13":{"start":{"line":30,"column":30},"end":{"line":30,"column":78}},"14":{"start":{"line":31,"column":6},"end":{"line":33,"column":7}},"15":{"start":{"line":32,"column":8},"end":{"line":32,"column":60}},"16":{"start":{"line":35,"column":6},"end":{"line":88,"column":7}},"17":{"start":{"line":37,"column":23},"end":{"line":37,"column":28}},"18":{"start":{"line":38,"column":8},"end":{"line":55,"column":9}},"19":{"start":{"line":39,"column":56},"end":{"line":42,"column":12}},"20":{"start":{"line":43,"column":10},"end":{"line":47,"column":11}},"21":{"start":{"line":44,"column":12},"end":{"line":44,"column":28}},"22":{"start":{"line":45,"column":17},"end":{"line":47,"column":11}},"23":{"start":{"line":46,"column":12},"end":{"line":46,"column":88}},"24":{"start":{"line":50,"column":10},"end":{"line":54,"column":11}},"25":{"start":{"line":51,"column":12},"end":{"line":51,"column":28}},"26":{"start":{"line":53,"column":12},"end":{"line":53,"column":20}},"27":{"start":{"line":58,"column":8},"end":{"line":87,"column":9}},"28":{"start":{"line":59,"column":10},"end":{"line":86,"column":11}},"29":{"start":{"line":60,"column":29},"end":{"line":60,"column":51}},"30":{"start":{"line":61,"column":32},"end":{"line":66,"column":23}},"31":{"start":{"line":68,"column":29},"end":{"line":68,"column":34}},"32":{"start":{"line":69,"column":12},"end":{"line":74,"column":13}},"33":{"start":{"line":70,"column":14},"end":{"line":70,"column":95}},"34":{"start":{"line":71,"column":19},"end":{"line":74,"column":13}},"35":{"start":{"line":72,"column":28},"end":{"line":72,"column":54}},"36":{"start":{"line":73,"column":14},"end":{"line":73,"column":70}},"37":{"start":{"line":73,"column":44},"end":{"line":73,"column":70}},"38":{"start":{"line":76,"column":12},"end":{"line":78,"column":13}},"39":{"start":{"line":77,"column":14},"end":{"line":77,"column":90}},"40":{"start":{"line":80,"column":12},"end":{"line":82,"column":13}},"41":{"start":{"line":81,"column":14},"end":{"line":81,"column":26}},"42":{"start":{"line":85,"column":12},"end":{"line":85,"column":77}},"43":{"start":{"line":91,"column":30},"end":{"line":100,"column":17}},"44":{"start":{"line":102,"column":6},"end":{"line":102,"column":29}},"45":{"start":{"line":102,"column":17},"end":{"line":102,"column":29}},"46":{"start":{"line":104,"column":6},"end":{"line":104,"column":28}},"47":{"start":{"line":105,"column":6},"end":{"line":105,"column":31}},"48":{"start":{"line":106,"column":6},"end":{"line":106,"column":36}},"49":{"start":{"line":107,"column":6},"end":{"line":107,"column":46}},"50":{"start":{"line":110,"column":6},"end":{"line":110,"column":49}},"51":{"start":{"line":111,"column":6},"end":{"line":111,"column":28}},"52":{"start":{"line":112,"column":6},"end":{"line":112,"column":61}},"53":{"start":{"line":114,"column":6},"end":{"line":114,"column":24}},"54":{"start":{"line":118,"column":33},"end":{"line":219,"column":18}},"55":{"start":{"line":119,"column":4},"end":{"line":218,"column":5}},"56":{"start":{"line":120,"column":6},"end":{"line":120,"column":23}},"57":{"start":{"line":121,"column":22},"end":{"line":121,"column":44}},"58":{"start":{"line":122,"column":6},"end":{"line":122,"column":42}},"59":{"start":{"line":122,"column":35},"end":{"line":122,"column":42}},"60":{"start":{"line":124,"column":26},"end":{"line":130,"column":22}},"61":{"start":{"line":132,"column":6},"end":{"line":134,"column":7}},"62":{"start":{"line":133,"column":8},"end":{"line":133,"column":20}},"63":{"start":{"line":136,"column":6},"end":{"line":211,"column":7}},"64":{"start":{"line":138,"column":20},"end":{"line":143,"column":10}},"65":{"start":{"line":144,"column":26},"end":{"line":144,"column":48}},"66":{"start":{"line":145,"column":26},"end":{"line":145,"column":91}},"67":{"start":{"line":146,"column":33},"end":{"line":146,"column":54}},"68":{"start":{"line":147,"column":30},"end":{"line":147,"column":58}},"69":{"start":{"line":149,"column":8},"end":{"line":207,"column":9}},"70":{"start":{"line":151,"column":10},"end":{"line":151,"column":39}},"71":{"start":{"line":152,"column":10},"end":{"line":152,"column":35}},"72":{"start":{"line":153,"column":10},"end":{"line":153,"column":40}},"73":{"start":{"line":154,"column":10},"end":{"line":200,"column":11}},"74":{"start":{"line":155,"column":12},"end":{"line":195,"column":13}},"75":{"start":{"line":156,"column":33},"end":{"line":156,"column":38}},"76":{"start":{"line":157,"column":35},"end":{"line":157,"column":40}},"77":{"start":{"line":159,"column":14},"end":{"line":174,"column":15}},"78":{"start":{"line":160,"column":55},"end":{"line":163,"column":18}},"79":{"start":{"line":164,"column":16},"end":{"line":170,"column":17}},"80":{"start":{"line":165,"column":18},"end":{"line":165,"column":38}},"81":{"start":{"line":166,"column":23},"end":{"line":170,"column":17}},"82":{"start":{"line":167,"column":18},"end":{"line":167,"column":38}},"83":{"start":{"line":169,"column":18},"end":{"line":169,"column":40}},"84":{"start":{"line":173,"column":16},"end":{"line":173,"column":36}},"85":{"start":{"line":176,"column":14},"end":{"line":181,"column":15}},"86":{"start":{"line":177,"column":16},"end":{"line":177,"column":45}},"87":{"start":{"line":178,"column":16},"end":{"line":178,"column":41}},"88":{"start":{"line":179,"column":16},"end":{"line":179,"column":45}},"89":{"start":{"line":180,"column":16},"end":{"line":180,"column":23}},"90":{"start":{"line":183,"column":14},"end":{"line":183,"column":47}},"91":{"start":{"line":184,"column":14},"end":{"line":184,"column":61}},"92":{"start":{"line":185,"column":29},"end":{"line":185,"column":107}},"93":{"start":{"line":186,"column":14},"end":{"line":194,"column":15}},"94":{"start":{"line":187,"column":16},"end":{"line":187,"column":45}},"95":{"start":{"line":188,"column":16},"end":{"line":188,"column":41}},"96":{"start":{"line":189,"column":16},"end":{"line":189,"column":45}},"97":{"start":{"line":191,"column":16},"end":{"line":191,"column":38}},"98":{"start":{"line":192,"column":16},"end":{"line":192,"column":41}},"99":{"start":{"line":193,"column":16},"end":{"line":193,"column":46}},"100":{"start":{"line":197,"column":12},"end":{"line":197,"column":41}},"101":{"start":{"line":198,"column":12},"end":{"line":198,"column":37}},"102":{"start":{"line":199,"column":12},"end":{"line":199,"column":41}},"103":{"start":{"line":201,"column":10},"end":{"line":201,"column":17}},"104":{"start":{"line":203,"column":10},"end":{"line":203,"column":39}},"105":{"start":{"line":204,"column":10},"end":{"line":204,"column":35}},"106":{"start":{"line":205,"column":10},"end":{"line":205,"column":40}},"107":{"start":{"line":206,"column":10},"end":{"line":206,"column":17}},"108":{"start":{"line":209,"column":8},"end":{"line":209,"column":30}},"109":{"start":{"line":210,"column":8},"end":{"line":210,"column":33}},"110":{"start":{"line":214,"column":6},"end":{"line":214,"column":54}},"111":{"start":{"line":215,"column":6},"end":{"line":215,"column":28}},"112":{"start":{"line":217,"column":6},"end":{"line":217,"column":24}},"113":{"start":{"line":222,"column":36},"end":{"line":222,"column":66}},"114":{"start":{"line":223,"column":2},"end":{"line":225,"column":31}},"115":{"start":{"line":224,"column":4},"end":{"line":224,"column":63}},"116":{"start":{"line":228,"column":2},"end":{"line":231,"column":9}},"117":{"start":{"line":229,"column":4},"end":{"line":229,"column":40}},"118":{"start":{"line":233,"column":20},"end":{"line":334,"column":3}},"119":{"start":{"line":235,"column":6},"end":{"line":331,"column":7}},"120":{"start":{"line":236,"column":8},"end":{"line":236,"column":25}},"121":{"start":{"line":237,"column":8},"end":{"line":237,"column":23}},"122":{"start":{"line":239,"column":24},"end":{"line":239,"column":46}},"123":{"start":{"line":240,"column":8},"end":{"line":242,"column":9}},"124":{"start":{"line":241,"column":10},"end":{"line":241,"column":62}},"125":{"start":{"line":245,"column":33},"end":{"line":245,"column":70}},"126":{"start":{"line":248,"column":38},"end":{"line":248,"column":42}},"127":{"start":{"line":249,"column":8},"end":{"line":310,"column":9}},"128":{"start":{"line":250,"column":34},"end":{"line":255,"column":12}},"129":{"start":{"line":256,"column":10},"end":{"line":265,"column":11}},"130":{"start":{"line":258,"column":24},"end":{"line":258,"column":70}},"131":{"start":{"line":259,"column":25},"end":{"line":259,"column":45}},"132":{"start":{"line":260,"column":30},"end":{"line":260,"column":112}},"133":{"start":{"line":261,"column":12},"end":{"line":263,"column":13}},"134":{"start":{"line":262,"column":14},"end":{"line":262,"column":98}},"135":{"start":{"line":264,"column":12},"end":{"line":264,"column":52}},"136":{"start":{"line":266,"column":10},"end":{"line":275,"column":11}},"137":{"start":{"line":267,"column":12},"end":{"line":271,"column":13}},"138":{"start":{"line":268,"column":26},"end":{"line":268,"column":97}},"139":{"start":{"line":269,"column":14},"end":{"line":269,"column":28}},"140":{"start":{"line":270,"column":14},"end":{"line":270,"column":61}},"141":{"start":{"line":272,"column":24},"end":{"line":272,"column":69}},"142":{"start":{"line":273,"column":12},"end":{"line":273,"column":26}},"143":{"start":{"line":274,"column":12},"end":{"line":274,"column":59}},"144":{"start":{"line":276,"column":10},"end":{"line":276,"column":45}},"145":{"start":{"line":278,"column":29},"end":{"line":278,"column":134}},"146":{"start":{"line":279,"column":10},"end":{"line":281,"column":11}},"147":{"start":{"line":280,"column":12},"end":{"line":280,"column":96}},"148":{"start":{"line":283,"column":53},"end":{"line":289,"column":26}},"149":{"start":{"line":290,"column":10},"end":{"line":290,"column":39}},"150":{"start":{"line":290,"column":24},"end":{"line":290,"column":39}},"151":{"start":{"line":291,"column":10},"end":{"line":295,"column":11}},"152":{"start":{"line":292,"column":24},"end":{"line":292,"column":95}},"153":{"start":{"line":293,"column":12},"end":{"line":293,"column":26}},"154":{"start":{"line":294,"column":12},"end":{"line":294,"column":59}},"155":{"start":{"line":296,"column":46},"end":{"line":307,"column":21}},"156":{"start":{"line":308,"column":10},"end":{"line":308,"column":35}},"157":{"start":{"line":308,"column":22},"end":{"line":308,"column":35}},"158":{"start":{"line":309,"column":10},"end":{"line":309,"column":49}},"159":{"start":{"line":312,"column":61},"end":{"line":316,"column":19}},"160":{"start":{"line":317,"column":8},"end":{"line":317,"column":43}},"161":{"start":{"line":317,"column":25},"end":{"line":317,"column":43}},"162":{"start":{"line":319,"column":8},"end":{"line":319,"column":47}},"163":{"start":{"line":320,"column":8},"end":{"line":320,"column":33}},"164":{"start":{"line":321,"column":8},"end":{"line":321,"column":38}},"165":{"start":{"line":322,"column":8},"end":{"line":322,"column":66}},"166":{"start":{"line":323,"column":8},"end":{"line":323,"column":64}},"167":{"start":{"line":326,"column":8},"end":{"line":326,"column":51}},"168":{"start":{"line":327,"column":8},"end":{"line":327,"column":30}},"169":{"start":{"line":328,"column":8},"end":{"line":328,"column":63}},"170":{"start":{"line":330,"column":8},"end":{"line":330,"column":26}},"171":{"start":{"line":336,"column":2},"end":{"line":346,"column":4}},"172":{"start":{"line":345,"column":30},"end":{"line":345,"column":74}}},"fnMap":{"0":{"name":"(anonymous_0)","decl":{"start":{"line":15,"column":29},"end":{"line":15,"column":30}},"loc":{"start":{"line":15,"column":35},"end":{"line":347,"column":1}},"line":15},"1":{"name":"(anonymous_1)","decl":{"start":{"line":24,"column":33},"end":{"line":24,"column":34}},"loc":{"start":{"line":24,"column":96},"end":{"line":116,"column":3}},"line":24},"2":{"name":"(anonymous_2)","decl":{"start":{"line":118,"column":45},"end":{"line":118,"column":46}},"loc":{"start":{"line":118,"column":57},"end":{"line":219,"column":3}},"line":118},"3":{"name":"(anonymous_3)","decl":{"start":{"line":223,"column":12},"end":{"line":223,"column":13}},"loc":{"start":{"line":223,"column":18},"end":{"line":225,"column":3}},"line":223},"4":{"name":"(anonymous_4)","decl":{"start":{"line":228,"column":12},"end":{"line":228,"column":13}},"loc":{"start":{"line":228,"column":18},"end":{"line":231,"column":3}},"line":228},"5":{"name":"(anonymous_5)","decl":{"start":{"line":234,"column":4},"end":{"line":234,"column":5}},"loc":{"start":{"line":234,"column":71},"end":{"line":332,"column":5}},"line":234},"6":{"name":"(anonymous_6)","decl":{"start":{"line":345,"column":24},"end":{"line":345,"column":25}},"loc":{"start":{"line":345,"column":30},"end":{"line":345,"column":74}},"line":345}},"branchMap":{"0":{"loc":{"start":{"line":30,"column":30},"end":{"line":30,"column":78}},"type":"binary-expr","locations":[{"start":{"line":30,"column":30},"end":{"line":30,"column":49}},{"start":{"line":30,"column":53},"end":{"line":30,"column":78}}],"line":30},"1":{"loc":{"start":{"line":31,"column":6},"end":{"line":33,"column":7}},"type":"if","locations":[{"start":{"line":31,"column":6},"end":{"line":33,"column":7}},{"start":{},"end":{}}],"line":31},"2":{"loc":{"start":{"line":31,"column":10},"end":{"line":31,"column":53}},"type":"binary-expr","locations":[{"start":{"line":31,"column":10},"end":{"line":31,"column":33}},{"start":{"line":31,"column":37},"end":{"line":31,"column":53}}],"line":31},"3":{"loc":{"start":{"line":35,"column":6},"end":{"line":88,"column":7}},"type":"if","locations":[{"start":{"line":35,"column":6},"end":{"line":88,"column":7}},{"start":{},"end":{}}],"line":35},"4":{"loc":{"start":{"line":43,"column":10},"end":{"line":47,"column":11}},"type":"if","locations":[{"start":{"line":43,"column":10},"end":{"line":47,"column":11}},{"start":{"line":45,"column":17},"end":{"line":47,"column":11}}],"line":43},"5":{"loc":{"start":{"line":45,"column":17},"end":{"line":47,"column":11}},"type":"if","locations":[{"start":{"line":45,"column":17},"end":{"line":47,"column":11}},{"start":{},"end":{}}],"line":45},"6":{"loc":{"start":{"line":45,"column":21},"end":{"line":45,"column":64}},"type":"binary-expr","locations":[{"start":{"line":45,"column":21},"end":{"line":45,"column":31}},{"start":{"line":45,"column":35},"end":{"line":45,"column":64}}],"line":45},"7":{"loc":{"start":{"line":50,"column":10},"end":{"line":54,"column":11}},"type":"if","locations":[{"start":{"line":50,"column":10},"end":{"line":54,"column":11}},{"start":{"line":52,"column":17},"end":{"line":54,"column":11}}],"line":50},"8":{"loc":{"start":{"line":58,"column":8},"end":{"line":87,"column":9}},"type":"if","locations":[{"start":{"line":58,"column":8},"end":{"line":87,"column":9}},{"start":{},"end":{}}],"line":58},"9":{"loc":{"start":{"line":69,"column":12},"end":{"line":74,"column":13}},"type":"if","locations":[{"start":{"line":69,"column":12},"end":{"line":74,"column":13}},{"start":{"line":71,"column":19},"end":{"line":74,"column":13}}],"line":69},"10":{"loc":{"start":{"line":69,"column":16},"end":{"line":69,"column":42}},"type":"binary-expr","locations":[{"start":{"line":69,"column":16},"end":{"line":69,"column":22}},{"start":{"line":69,"column":26},"end":{"line":69,"column":42}}],"line":69},"11":{"loc":{"start":{"line":70,"column":27},"end":{"line":70,"column":94}},"type":"cond-expr","locations":[{"start":{"line":70,"column":56},"end":{"line":70,"column":78}},{"start":{"line":70,"column":81},"end":{"line":70,"column":94}}],"line":70},"12":{"loc":{"start":{"line":71,"column":19},"end":{"line":74,"column":13}},"type":"if","locations":[{"start":{"line":71,"column":19},"end":{"line":74,"column":13}},{"start":{},"end":{}}],"line":71},"13":{"loc":{"start":{"line":71,"column":23},"end":{"line":71,"column":73}},"type":"binary-expr","locations":[{"start":{"line":71,"column":23},"end":{"line":71,"column":29}},{"start":{"line":71,"column":33},"end":{"line":71,"column":73}}],"line":71},"14":{"loc":{"start":{"line":73,"column":14},"end":{"line":73,"column":70}},"type":"if","locations":[{"start":{"line":73,"column":14},"end":{"line":73,"column":70}},{"start":{},"end":{}}],"line":73},"15":{"loc":{"start":{"line":73,"column":18},"end":{"line":73,"column":42}},"type":"binary-expr","locations":[{"start":{"line":73,"column":18},"end":{"line":73,"column":23}},{"start":{"line":73,"column":27},"end":{"line":73,"column":42}}],"line":73},"16":{"loc":{"start":{"line":76,"column":12},"end":{"line":78,"column":13}},"type":"if","locations":[{"start":{"line":76,"column":12},"end":{"line":78,"column":13}},{"start":{},"end":{}}],"line":76},"17":{"loc":{"start":{"line":80,"column":12},"end":{"line":82,"column":13}},"type":"if","locations":[{"start":{"line":80,"column":12},"end":{"line":82,"column":13}},{"start":{},"end":{}}],"line":80},"18":{"loc":{"start":{"line":102,"column":6},"end":{"line":102,"column":29}},"type":"if","locations":[{"start":{"line":102,"column":6},"end":{"line":102,"column":29}},{"start":{},"end":{}}],"line":102},"19":{"loc":{"start":{"line":122,"column":6},"end":{"line":122,"column":42}},"type":"if","locations":[{"start":{"line":122,"column":6},"end":{"line":122,"column":42}},{"start":{},"end":{}}],"line":122},"20":{"loc":{"start":{"line":132,"column":6},"end":{"line":134,"column":7}},"type":"if","locations":[{"start":{"line":132,"column":6},"end":{"line":134,"column":7}},{"start":{},"end":{}}],"line":132},"21":{"loc":{"start":{"line":132,"column":10},"end":{"line":132,"column":53}},"type":"binary-expr","locations":[{"start":{"line":132,"column":10},"end":{"line":132,"column":15}},{"start":{"line":132,"column":19},"end":{"line":132,"column":53}}],"line":132},"22":{"loc":{"start":{"line":136,"column":6},"end":{"line":211,"column":7}},"type":"if","locations":[{"start":{"line":136,"column":6},"end":{"line":211,"column":7}},{"start":{"line":208,"column":13},"end":{"line":211,"column":7}}],"line":136},"23":{"loc":{"start":{"line":145,"column":35},"end":{"line":145,"column":90}},"type":"binary-expr","locations":[{"start":{"line":145,"column":35},"end":{"line":145,"column":59}},{"start":{"line":145,"column":63},"end":{"line":145,"column":90}}],"line":145},"24":{"loc":{"start":{"line":149,"column":8},"end":{"line":207,"column":9}},"type":"if","locations":[{"start":{"line":149,"column":8},"end":{"line":207,"column":9}},{"start":{"line":202,"column":15},"end":{"line":207,"column":9}}],"line":149},"25":{"loc":{"start":{"line":155,"column":12},"end":{"line":195,"column":13}},"type":"if","locations":[{"start":{"line":155,"column":12},"end":{"line":195,"column":13}},{"start":{},"end":{}}],"line":155},"26":{"loc":{"start":{"line":164,"column":16},"end":{"line":170,"column":17}},"type":"if","locations":[{"start":{"line":164,"column":16},"end":{"line":170,"column":17}},{"start":{"line":166,"column":23},"end":{"line":170,"column":17}}],"line":164},"27":{"loc":{"start":{"line":166,"column":23},"end":{"line":170,"column":17}},"type":"if","locations":[{"start":{"line":166,"column":23},"end":{"line":170,"column":17}},{"start":{"line":168,"column":23},"end":{"line":170,"column":17}}],"line":166},"28":{"loc":{"start":{"line":166,"column":27},"end":{"line":166,"column":60}},"type":"binary-expr","locations":[{"start":{"line":166,"column":27},"end":{"line":166,"column":32}},{"start":{"line":166,"column":36},"end":{"line":166,"column":60}}],"line":166},"29":{"loc":{"start":{"line":176,"column":14},"end":{"line":181,"column":15}},"type":"if","locations":[{"start":{"line":176,"column":14},"end":{"line":181,"column":15}},{"start":{},"end":{}}],"line":176},"30":{"loc":{"start":{"line":184,"column":36},"end":{"line":184,"column":60}},"type":"binary-expr","locations":[{"start":{"line":184,"column":36},"end":{"line":184,"column":52}},{"start":{"line":184,"column":56},"end":{"line":184,"column":60}}],"line":184},"31":{"loc":{"start":{"line":186,"column":14},"end":{"line":194,"column":15}},"type":"if","locations":[{"start":{"line":186,"column":14},"end":{"line":194,"column":15}},{"start":{"line":190,"column":21},"end":{"line":194,"column":15}}],"line":186},"32":{"loc":{"start":{"line":240,"column":8},"end":{"line":242,"column":9}},"type":"if","locations":[{"start":{"line":240,"column":8},"end":{"line":242,"column":9}},{"start":{},"end":{}}],"line":240},"33":{"loc":{"start":{"line":245,"column":45},"end":{"line":245,"column":62}},"type":"binary-expr","locations":[{"start":{"line":245,"column":45},"end":{"line":245,"column":57}},{"start":{"line":245,"column":61},"end":{"line":245,"column":62}}],"line":245},"34":{"loc":{"start":{"line":252,"column":25},"end":{"line":252,"column":56}},"type":"binary-expr","locations":[{"start":{"line":252,"column":25},"end":{"line":252,"column":33}},{"start":{"line":252,"column":37},"end":{"line":252,"column":56}}],"line":252},"35":{"loc":{"start":{"line":256,"column":10},"end":{"line":265,"column":11}},"type":"if","locations":[{"start":{"line":256,"column":10},"end":{"line":265,"column":11}},{"start":{},"end":{}}],"line":256},"36":{"loc":{"start":{"line":258,"column":24},"end":{"line":258,"column":70}},"type":"binary-expr","locations":[{"start":{"line":258,"column":24},"end":{"line":258,"column":64}},{"start":{"line":258,"column":68},"end":{"line":258,"column":70}}],"line":258},"37":{"loc":{"start":{"line":260,"column":30},"end":{"line":260,"column":112}},"type":"binary-expr","locations":[{"start":{"line":260,"column":30},"end":{"line":260,"column":60}},{"start":{"line":260,"column":64},"end":{"line":260,"column":89}},{"start":{"line":260,"column":93},"end":{"line":260,"column":112}}],"line":260},"38":{"loc":{"start":{"line":261,"column":12},"end":{"line":263,"column":13}},"type":"if","locations":[{"start":{"line":261,"column":12},"end":{"line":263,"column":13}},{"start":{},"end":{}}],"line":261},"39":{"loc":{"start":{"line":266,"column":10},"end":{"line":275,"column":11}},"type":"if","locations":[{"start":{"line":266,"column":10},"end":{"line":275,"column":11}},{"start":{},"end":{}}],"line":266},"40":{"loc":{"start":{"line":267,"column":12},"end":{"line":271,"column":13}},"type":"if","locations":[{"start":{"line":267,"column":12},"end":{"line":271,"column":13}},{"start":{},"end":{}}],"line":267},"41":{"loc":{"start":{"line":272,"column":24},"end":{"line":272,"column":69}},"type":"binary-expr","locations":[{"start":{"line":272,"column":24},"end":{"line":272,"column":46}},{"start":{"line":272,"column":50},"end":{"line":272,"column":69}}],"line":272},"42":{"loc":{"start":{"line":278,"column":29},"end":{"line":278,"column":134}},"type":"binary-expr","locations":[{"start":{"line":278,"column":29},"end":{"line":278,"column":88}},{"start":{"line":278,"column":92},"end":{"line":278,"column":134}}],"line":278},"43":{"loc":{"start":{"line":279,"column":10},"end":{"line":281,"column":11}},"type":"if","locations":[{"start":{"line":279,"column":10},"end":{"line":281,"column":11}},{"start":{},"end":{}}],"line":279},"44":{"loc":{"start":{"line":290,"column":10},"end":{"line":290,"column":39}},"type":"if","locations":[{"start":{"line":290,"column":10},"end":{"line":290,"column":39}},{"start":{},"end":{}}],"line":290},"45":{"loc":{"start":{"line":291,"column":10},"end":{"line":295,"column":11}},"type":"if","locations":[{"start":{"line":291,"column":10},"end":{"line":295,"column":11}},{"start":{},"end":{}}],"line":291},"46":{"loc":{"start":{"line":300,"column":25},"end":{"line":300,"column":56}},"type":"binary-expr","locations":[{"start":{"line":300,"column":25},"end":{"line":300,"column":33}},{"start":{"line":300,"column":37},"end":{"line":300,"column":56}}],"line":300},"47":{"loc":{"start":{"line":308,"column":10},"end":{"line":308,"column":35}},"type":"if","locations":[{"start":{"line":308,"column":10},"end":{"line":308,"column":35}},{"start":{},"end":{}}],"line":308},"48":{"loc":{"start":{"line":309,"column":21},"end":{"line":309,"column":48}},"type":"binary-expr","locations":[{"start":{"line":309,"column":21},"end":{"line":309,"column":40}},{"start":{"line":309,"column":44},"end":{"line":309,"column":48}}],"line":309},"49":{"loc":{"start":{"line":317,"column":8},"end":{"line":317,"column":43}},"type":"if","locations":[{"start":{"line":317,"column":8},"end":{"line":317,"column":43}},{"start":{},"end":{}}],"line":317},"50":{"loc":{"start":{"line":322,"column":30},"end":{"line":322,"column":65}},"type":"binary-expr","locations":[{"start":{"line":322,"column":30},"end":{"line":322,"column":57}},{"start":{"line":322,"column":61},"end":{"line":322,"column":65}}],"line":322}},"s":{"0":3,"1":34,"2":34,"3":34,"4":34,"5":34,"6":34,"7":34,"8":34,"9":5,"10":5,"11":5,"12":5,"13":5,"14":5,"15":1,"16":4,"17":3,"18":3,"19":3,"20":3,"21":0,"22":3,"23":1,"24":1,"25":0,"26":1,"27":2,"28":0,"29":0,"30":0,"31":0,"32":0,"33":0,"34":0,"35":0,"36":0,"37":0,"38":0,"39":0,"40":0,"41":0,"42":0,"43":3,"44":3,"45":1,"46":2,"47":2,"48":2,"49":2,"50":3,"51":3,"52":3,"53":5,"54":34,"55":14,"56":14,"57":14,"58":14,"59":1,"60":13,"61":13,"62":1,"63":12,"64":7,"65":7,"66":7,"67":7,"68":7,"69":7,"70":3,"71":3,"72":3,"73":3,"74":3,"75":3,"76":3,"77":3,"78":3,"79":1,"80":0,"81":1,"82":0,"83":1,"84":2,"85":3,"86":2,"87":2,"88":2,"89":2,"90":1,"91":1,"92":1,"93":1,"94":0,"95":0,"96":0,"97":1,"98":1,"99":1,"100":0,"101":0,"102":0,"103":1,"104":4,"105":4,"106":4,"107":4,"108":5,"109":5,"110":1,"111":1,"112":14,"113":34,"114":34,"115":24,"116":34,"117":14,"118":34,"119":4,"120":4,"121":4,"122":4,"123":4,"124":0,"125":4,"126":4,"127":4,"128":4,"129":4,"130":1,"131":1,"132":1,"133":1,"134":1,"135":0,"136":3,"137":2,"138":1,"139":1,"140":1,"141":1,"142":1,"143":1,"144":1,"145":0,"146":0,"147":0,"148":0,"149":0,"150":0,"151":0,"152":0,"153":0,"154":0,"155":0,"156":0,"157":0,"158":0,"159":1,"160":1,"161":0,"162":1,"163":1,"164":1,"165":1,"166":1,"167":0,"168":0,"169":0,"170":4,"171":34,"172":0},"f":{"0":34,"1":5,"2":14,"3":24,"4":14,"5":4,"6":0},"b":{"0":[5,4],"1":[1,4],"2":[5,5],"3":[3,1],"4":[0,3],"5":[1,2],"6":[3,3],"7":[0,1],"8":[0,2],"9":[0,0],"10":[0,0],"11":[0,0],"12":[0,0],"13":[0,0],"14":[0,0],"15":[0,0],"16":[0,0],"17":[0,0],"18":[1,2],"19":[1,13],"20":[1,12],"21":[13,6],"22":[7,5],"23":[7,0],"24":[3,4],"25":[3,0],"26":[0,1],"27":[0,1],"28":[1,1],"29":[2,1],"30":[1,0],"31":[0,1],"32":[0,4],"33":[4,0],"34":[4,4],"35":[1,3],"36":[1,0],"37":[1,1,1],"38":[1,0],"39":[2,1],"40":[1,1],"41":[1,1],"42":[0,0],"43":[0,0],"44":[0,0],"45":[0,0],"46":[0,0],"47":[0,0],"48":[0,0],"49":[0,1],"50":[1,0]},"_coverageSchema":"1a1c01bbd47fc00a2c39e90264f33305004495a9","hash":"5050a3eeb4fcf7dbd42bf96ff797bbc7d6d0d555"}
,"C:\\spoon-platform\\apps\\web\\src\\app\\dashboard\\caja\\hooks\\useGastos.ts": {"path":"C:\\spoon-platform\\apps\\web\\src\\app\\dashboard\\caja\\hooks\\useGastos.ts","statementMap":{"0":{"start":{"line":12,"column":25},"end":{"line":172,"column":1}},"1":{"start":{"line":13,"column":27},"end":{"line":13,"column":42}},"2":{"start":{"line":14,"column":30},"end":{"line":14,"column":55}},"3":{"start":{"line":15,"column":32},"end":{"line":15,"column":47}},"4":{"start":{"line":16,"column":28},"end":{"line":16,"column":57}},"5":{"start":{"line":17,"column":40},"end":{"line":17,"column":51}},"6":{"start":{"line":18,"column":54},"end":{"line":25,"column":4}},"7":{"start":{"line":28,"column":24},"end":{"line":47,"column":8}},"8":{"start":{"line":29,"column":4},"end":{"line":46,"column":5}},"9":{"start":{"line":30,"column":6},"end":{"line":30,"column":23}},"10":{"start":{"line":31,"column":22},"end":{"line":31,"column":44}},"11":{"start":{"line":32,"column":6},"end":{"line":32,"column":42}},"12":{"start":{"line":32,"column":35},"end":{"line":32,"column":42}},"13":{"start":{"line":34,"column":20},"end":{"line":34,"column":64}},"14":{"start":{"line":36,"column":6},"end":{"line":36,"column":30}},"15":{"start":{"line":37,"column":6},"end":{"line":37,"column":40}},"16":{"start":{"line":38,"column":6},"end":{"line":38,"column":54}},"17":{"start":{"line":39,"column":6},"end":{"line":39,"column":21}},"18":{"start":{"line":42,"column":6},"end":{"line":42,"column":53}},"19":{"start":{"line":43,"column":6},"end":{"line":43,"column":28}},"20":{"start":{"line":45,"column":6},"end":{"line":45,"column":24}},"21":{"start":{"line":50,"column":2},"end":{"line":52,"column":22}},"22":{"start":{"line":51,"column":4},"end":{"line":51,"column":20}},"23":{"start":{"line":55,"column":21},"end":{"line":85,"column":3}},"24":{"start":{"line":56,"column":4},"end":{"line":84,"column":5}},"25":{"start":{"line":57,"column":6},"end":{"line":59,"column":7}},"26":{"start":{"line":58,"column":8},"end":{"line":58,"column":57}},"27":{"start":{"line":61,"column":6},"end":{"line":61,"column":23}},"28":{"start":{"line":62,"column":22},"end":{"line":62,"column":44}},"29":{"start":{"line":63,"column":6},"end":{"line":63,"column":62}},"30":{"start":{"line":63,"column":20},"end":{"line":63,"column":62}},"31":{"start":{"line":65,"column":6},"end":{"line":71,"column":9}},"32":{"start":{"line":74,"column":6},"end":{"line":74,"column":28}},"33":{"start":{"line":76,"column":6},"end":{"line":76,"column":70}},"34":{"start":{"line":79,"column":6},"end":{"line":79,"column":49}},"35":{"start":{"line":80,"column":6},"end":{"line":80,"column":28}},"36":{"start":{"line":81,"column":6},"end":{"line":81,"column":52}},"37":{"start":{"line":83,"column":6},"end":{"line":83,"column":24}},"38":{"start":{"line":88,"column":24},"end":{"line":106,"column":3}},"39":{"start":{"line":89,"column":4},"end":{"line":105,"column":5}},"40":{"start":{"line":90,"column":6},"end":{"line":90,"column":23}},"41":{"start":{"line":92,"column":6},"end":{"line":92,"column":39}},"42":{"start":{"line":95,"column":6},"end":{"line":95,"column":28}},"43":{"start":{"line":97,"column":6},"end":{"line":97,"column":31}},"44":{"start":{"line":100,"column":6},"end":{"line":100,"column":52}},"45":{"start":{"line":101,"column":6},"end":{"line":101,"column":28}},"46":{"start":{"line":102,"column":6},"end":{"line":102,"column":52}},"47":{"start":{"line":104,"column":6},"end":{"line":104,"column":24}},"48":{"start":{"line":109,"column":23},"end":{"line":132,"column":3}},"49":{"start":{"line":110,"column":30},"end":{"line":110,"column":32}},"50":{"start":{"line":112,"column":4},"end":{"line":114,"column":5}},"51":{"start":{"line":113,"column":6},"end":{"line":113,"column":67}},"52":{"start":{"line":116,"column":4},"end":{"line":118,"column":5}},"53":{"start":{"line":117,"column":6},"end":{"line":117,"column":51}},"54":{"start":{"line":120,"column":4},"end":{"line":122,"column":5}},"55":{"start":{"line":121,"column":6},"end":{"line":121,"column":47}},"56":{"start":{"line":124,"column":4},"end":{"line":126,"column":5}},"57":{"start":{"line":125,"column":6},"end":{"line":125,"column":65}},"58":{"start":{"line":128,"column":4},"end":{"line":131,"column":6}},"59":{"start":{"line":135,"column":32},"end":{"line":137,"column":3}},"60":{"start":{"line":136,"column":4},"end":{"line":136,"column":65}},"61":{"start":{"line":136,"column":34},"end":{"line":136,"column":63}},"62":{"start":{"line":140,"column":23},"end":{"line":149,"column":3}},"63":{"start":{"line":141,"column":4},"end":{"line":141,"column":39}},"64":{"start":{"line":141,"column":25},"end":{"line":141,"column":39}},"65":{"start":{"line":143,"column":28},"end":{"line":143,"column":49}},"66":{"start":{"line":144,"column":4},"end":{"line":148,"column":6}},"67":{"start":{"line":145,"column":6},"end":{"line":147,"column":74}},"68":{"start":{"line":151,"column":2},"end":{"line":171,"column":4}}},"fnMap":{"0":{"name":"(anonymous_0)","decl":{"start":{"line":12,"column":25},"end":{"line":12,"column":26}},"loc":{"start":{"line":12,"column":31},"end":{"line":172,"column":1}},"line":12},"1":{"name":"(anonymous_1)","decl":{"start":{"line":28,"column":36},"end":{"line":28,"column":37}},"loc":{"start":{"line":28,"column":48},"end":{"line":47,"column":3}},"line":28},"2":{"name":"(anonymous_2)","decl":{"start":{"line":50,"column":12},"end":{"line":50,"column":13}},"loc":{"start":{"line":50,"column":18},"end":{"line":52,"column":3}},"line":50},"3":{"name":"(anonymous_3)","decl":{"start":{"line":55,"column":21},"end":{"line":55,"column":22}},"loc":{"start":{"line":55,"column":55},"end":{"line":85,"column":3}},"line":55},"4":{"name":"(anonymous_4)","decl":{"start":{"line":88,"column":24},"end":{"line":88,"column":25}},"loc":{"start":{"line":88,"column":51},"end":{"line":106,"column":3}},"line":88},"5":{"name":"(anonymous_5)","decl":{"start":{"line":109,"column":23},"end":{"line":109,"column":24}},"loc":{"start":{"line":109,"column":88},"end":{"line":132,"column":3}},"line":109},"6":{"name":"(anonymous_6)","decl":{"start":{"line":135,"column":32},"end":{"line":135,"column":33}},"loc":{"start":{"line":135,"column":76},"end":{"line":137,"column":3}},"line":135},"7":{"name":"(anonymous_7)","decl":{"start":{"line":136,"column":25},"end":{"line":136,"column":26}},"loc":{"start":{"line":136,"column":34},"end":{"line":136,"column":63}},"line":136},"8":{"name":"(anonymous_8)","decl":{"start":{"line":140,"column":23},"end":{"line":140,"column":24}},"loc":{"start":{"line":140,"column":57},"end":{"line":149,"column":3}},"line":140},"9":{"name":"(anonymous_9)","decl":{"start":{"line":144,"column":25},"end":{"line":144,"column":26}},"loc":{"start":{"line":145,"column":6},"end":{"line":147,"column":74}},"line":145}},"branchMap":{"0":{"loc":{"start":{"line":32,"column":6},"end":{"line":32,"column":42}},"type":"if","locations":[{"start":{"line":32,"column":6},"end":{"line":32,"column":42}},{"start":{},"end":{}}],"line":32},"1":{"loc":{"start":{"line":57,"column":6},"end":{"line":59,"column":7}},"type":"if","locations":[{"start":{"line":57,"column":6},"end":{"line":59,"column":7}},{"start":{},"end":{}}],"line":57},"2":{"loc":{"start":{"line":63,"column":6},"end":{"line":63,"column":62}},"type":"if","locations":[{"start":{"line":63,"column":6},"end":{"line":63,"column":62}},{"start":{},"end":{}}],"line":63},"3":{"loc":{"start":{"line":112,"column":4},"end":{"line":114,"column":5}},"type":"if","locations":[{"start":{"line":112,"column":4},"end":{"line":114,"column":5}},{"start":{},"end":{}}],"line":112},"4":{"loc":{"start":{"line":112,"column":8},"end":{"line":112,"column":59}},"type":"binary-expr","locations":[{"start":{"line":112,"column":8},"end":{"line":112,"column":23}},{"start":{"line":112,"column":27},"end":{"line":112,"column":59}}],"line":112},"5":{"loc":{"start":{"line":116,"column":4},"end":{"line":118,"column":5}},"type":"if","locations":[{"start":{"line":116,"column":4},"end":{"line":118,"column":5}},{"start":{},"end":{}}],"line":116},"6":{"loc":{"start":{"line":120,"column":4},"end":{"line":122,"column":5}},"type":"if","locations":[{"start":{"line":120,"column":4},"end":{"line":122,"column":5}},{"start":{},"end":{}}],"line":120},"7":{"loc":{"start":{"line":124,"column":4},"end":{"line":126,"column":5}},"type":"if","locations":[{"start":{"line":124,"column":4},"end":{"line":126,"column":5}},{"start":{},"end":{}}],"line":124},"8":{"loc":{"start":{"line":124,"column":8},"end":{"line":124,"column":47}},"type":"binary-expr","locations":[{"start":{"line":124,"column":8},"end":{"line":124,"column":19}},{"start":{"line":124,"column":23},"end":{"line":124,"column":47}}],"line":124},"9":{"loc":{"start":{"line":141,"column":4},"end":{"line":141,"column":39}},"type":"if","locations":[{"start":{"line":141,"column":4},"end":{"line":141,"column":39}},{"start":{},"end":{}}],"line":141},"10":{"loc":{"start":{"line":145,"column":6},"end":{"line":147,"column":74}},"type":"binary-expr","locations":[{"start":{"line":145,"column":6},"end":{"line":145,"column":60}},{"start":{"line":146,"column":6},"end":{"line":146,"column":61}},{"start":{"line":147,"column":7},"end":{"line":147,"column":18}},{"start":{"line":147,"column":22},"end":{"line":147,"column":73}}],"line":145}},"s":{"0":0,"1":0,"2":0,"3":0,"4":0,"5":0,"6":0,"7":0,"8":0,"9":0,"10":0,"11":0,"12":0,"13":0,"14":0,"15":0,"16":0,"17":0,"18":0,"19":0,"20":0,"21":0,"22":0,"23":0,"24":0,"25":0,"26":0,"27":0,"28":0,"29":0,"30":0,"31":0,"32":0,"33":0,"34":0,"35":0,"36":0,"37":0,"38":0,"39":0,"40":0,"41":0,"42":0,"43":0,"44":0,"45":0,"46":0,"47":0,"48":0,"49":0,"50":0,"51":0,"52":0,"53":0,"54":0,"55":0,"56":0,"57":0,"58":0,"59":0,"60":0,"61":0,"62":0,"63":0,"64":0,"65":0,"66":0,"67":0,"68":0},"f":{"0":0,"1":0,"2":0,"3":0,"4":0,"5":0,"6":0,"7":0,"8":0,"9":0},"b":{"0":[0,0],"1":[0,0],"2":[0,0],"3":[0,0],"4":[0,0],"5":[0,0],"6":[0,0],"7":[0,0],"8":[0,0],"9":[0,0],"10":[0,0,0,0]}}
,"C:\\spoon-platform\\apps\\web\\src\\app\\dashboard\\caja\\pages\\modals\\ModalProcesarPago.tsx": {"path":"C:\\spoon-platform\\apps\\web\\src\\app\\dashboard\\caja\\pages\\modals\\ModalProcesarPago.tsx","statementMap":{"0":{"start":{"line":22,"column":67},"end":{"line":319,"column":1}},"1":{"start":{"line":29,"column":38},"end":{"line":29,"column":70}},"2":{"start":{"line":30,"column":44},"end":{"line":30,"column":63}},"3":{"start":{"line":31,"column":48},"end":{"line":31,"column":67}},"4":{"start":{"line":32,"column":38},"end":{"line":32,"column":53}},"5":{"start":{"line":33,"column":28},"end":{"line":33,"column":57}},"6":{"start":{"line":34,"column":40},"end":{"line":34,"column":81}},"7":{"start":{"line":37,"column":2},"end":{"line":45,"column":22}},"8":{"start":{"line":38,"column":4},"end":{"line":44,"column":5}},"9":{"start":{"line":39,"column":6},"end":{"line":39,"column":32}},"10":{"start":{"line":40,"column":6},"end":{"line":40,"column":42}},"11":{"start":{"line":41,"column":6},"end":{"line":41,"column":28}},"12":{"start":{"line":42,"column":6},"end":{"line":42,"column":21}},"13":{"start":{"line":43,"column":6},"end":{"line":43,"column":27}},"14":{"start":{"line":48,"column":2},"end":{"line":55,"column":41}},"15":{"start":{"line":49,"column":4},"end":{"line":54,"column":5}},"16":{"start":{"line":50,"column":21},"end":{"line":50,"column":67}},"17":{"start":{"line":51,"column":6},"end":{"line":51,"column":33}},"18":{"start":{"line":53,"column":6},"end":{"line":53,"column":28}},"19":{"start":{"line":57,"column":30},"end":{"line":95,"column":3}},"20":{"start":{"line":58,"column":4},"end":{"line":58,"column":23}},"21":{"start":{"line":58,"column":16},"end":{"line":58,"column":23}},"22":{"start":{"line":61,"column":4},"end":{"line":64,"column":5}},"23":{"start":{"line":62,"column":6},"end":{"line":62,"column":64}},"24":{"start":{"line":63,"column":6},"end":{"line":63,"column":13}},"25":{"start":{"line":66,"column":4},"end":{"line":94,"column":5}},"26":{"start":{"line":67,"column":6},"end":{"line":67,"column":26}},"27":{"start":{"line":68,"column":6},"end":{"line":68,"column":21}},"28":{"start":{"line":70,"column":24},"end":{"line":74,"column":7}},"29":{"start":{"line":76,"column":6},"end":{"line":89,"column":7}},"30":{"start":{"line":77,"column":8},"end":{"line":79,"column":11}},"31":{"start":{"line":82,"column":8},"end":{"line":86,"column":9}},"32":{"start":{"line":83,"column":10},"end":{"line":85,"column":19}},"33":{"start":{"line":84,"column":12},"end":{"line":84,"column":22}},"34":{"start":{"line":88,"column":8},"end":{"line":88,"column":64}},"35":{"start":{"line":91,"column":6},"end":{"line":91,"column":50}},"36":{"start":{"line":93,"column":6},"end":{"line":93,"column":27}},"37":{"start":{"line":97,"column":22},"end":{"line":101,"column":3}},"38":{"start":{"line":98,"column":4},"end":{"line":100,"column":5}},"39":{"start":{"line":99,"column":6},"end":{"line":99,"column":16}},"40":{"start":{"line":103,"column":29},"end":{"line":127,"column":1}},"41":{"start":{"line":104,"column":2},"end":{"line":104,"column":53}},"42":{"start":{"line":104,"column":43},"end":{"line":104,"column":53}},"43":{"start":{"line":106,"column":16},"end":{"line":106,"column":33}},"44":{"start":{"line":107,"column":30},"end":{"line":107,"column":32}},"45":{"start":{"line":110,"column":2},"end":{"line":110,"column":24}},"46":{"start":{"line":113,"column":25},"end":{"line":113,"column":79}},"47":{"start":{"line":115,"column":2},"end":{"line":123,"column":3}},"48":{"start":{"line":116,"column":23},"end":{"line":116,"column":55}},"49":{"start":{"line":117,"column":4},"end":{"line":122,"column":5}},"50":{"start":{"line":119,"column":6},"end":{"line":121,"column":7}},"51":{"start":{"line":120,"column":8},"end":{"line":120,"column":35}},"52":{"start":{"line":126,"column":2},"end":{"line":126,"column":53}},"53":{"start":{"line":126,"column":34},"end":{"line":126,"column":39}},"54":{"start":{"line":128,"column":2},"end":{"line":128,"column":37}},"55":{"start":{"line":128,"column":25},"end":{"line":128,"column":37}},"56":{"start":{"line":131,"column":2},"end":{"line":166,"column":3}},"57":{"start":{"line":132,"column":4},"end":{"line":165,"column":6}},"58":{"start":{"line":168,"column":2},"end":{"line":318,"column":4}},"59":{"start":{"line":211,"column":16},"end":{"line":220,"column":25}},"60":{"start":{"line":214,"column":33},"end":{"line":214,"column":60}},"61":{"start":{"line":232,"column":33},"end":{"line":232,"column":102}},"62":{"start":{"line":243,"column":20},"end":{"line":252,"column":29}},"63":{"start":{"line":247,"column":37},"end":{"line":247,"column":60}}},"fnMap":{"0":{"name":"(anonymous_0)","decl":{"start":{"line":22,"column":67},"end":{"line":22,"column":68}},"loc":{"start":{"line":28,"column":6},"end":{"line":319,"column":1}},"line":28},"1":{"name":"(anonymous_1)","decl":{"start":{"line":37,"column":12},"end":{"line":37,"column":13}},"loc":{"start":{"line":37,"column":18},"end":{"line":45,"column":3}},"line":37},"2":{"name":"(anonymous_2)","decl":{"start":{"line":48,"column":12},"end":{"line":48,"column":13}},"loc":{"start":{"line":48,"column":18},"end":{"line":55,"column":3}},"line":48},"3":{"name":"(anonymous_3)","decl":{"start":{"line":57,"column":30},"end":{"line":57,"column":31}},"loc":{"start":{"line":57,"column":42},"end":{"line":95,"column":3}},"line":57},"4":{"name":"(anonymous_4)","decl":{"start":{"line":83,"column":21},"end":{"line":83,"column":22}},"loc":{"start":{"line":83,"column":27},"end":{"line":85,"column":11}},"line":83},"5":{"name":"(anonymous_5)","decl":{"start":{"line":97,"column":22},"end":{"line":97,"column":23}},"loc":{"start":{"line":97,"column":28},"end":{"line":101,"column":3}},"line":97},"6":{"name":"(anonymous_6)","decl":{"start":{"line":103,"column":29},"end":{"line":103,"column":30}},"loc":{"start":{"line":103,"column":35},"end":{"line":127,"column":1}},"line":103},"7":{"name":"(anonymous_7)","decl":{"start":{"line":126,"column":24},"end":{"line":126,"column":25}},"loc":{"start":{"line":126,"column":34},"end":{"line":126,"column":39}},"line":126},"8":{"name":"(anonymous_8)","decl":{"start":{"line":210,"column":32},"end":{"line":210,"column":33}},"loc":{"start":{"line":211,"column":16},"end":{"line":220,"column":25}},"line":211},"9":{"name":"(anonymous_9)","decl":{"start":{"line":214,"column":27},"end":{"line":214,"column":28}},"loc":{"start":{"line":214,"column":33},"end":{"line":214,"column":60}},"line":214},"10":{"name":"(anonymous_10)","decl":{"start":{"line":232,"column":26},"end":{"line":232,"column":27}},"loc":{"start":{"line":232,"column":33},"end":{"line":232,"column":102}},"line":232},"11":{"name":"(anonymous_11)","decl":{"start":{"line":242,"column":44},"end":{"line":242,"column":45}},"loc":{"start":{"line":243,"column":20},"end":{"line":252,"column":29}},"line":243},"12":{"name":"(anonymous_12)","decl":{"start":{"line":247,"column":31},"end":{"line":247,"column":32}},"loc":{"start":{"line":247,"column":37},"end":{"line":247,"column":60}},"line":247}},"branchMap":{"0":{"loc":{"start":{"line":27,"column":2},"end":{"line":27,"column":17}},"type":"default-arg","locations":[{"start":{"line":27,"column":12},"end":{"line":27,"column":17}}],"line":27},"1":{"loc":{"start":{"line":38,"column":4},"end":{"line":44,"column":5}},"type":"if","locations":[{"start":{"line":38,"column":4},"end":{"line":44,"column":5}},{"start":{},"end":{}}],"line":38},"2":{"loc":{"start":{"line":38,"column":8},"end":{"line":38,"column":23}},"type":"binary-expr","locations":[{"start":{"line":38,"column":8},"end":{"line":38,"column":14}},{"start":{"line":38,"column":18},"end":{"line":38,"column":23}}],"line":38},"3":{"loc":{"start":{"line":49,"column":4},"end":{"line":54,"column":5}},"type":"if","locations":[{"start":{"line":49,"column":4},"end":{"line":54,"column":5}},{"start":{"line":52,"column":11},"end":{"line":54,"column":5}}],"line":49},"4":{"loc":{"start":{"line":49,"column":8},"end":{"line":49,"column":42}},"type":"binary-expr","locations":[{"start":{"line":49,"column":8},"end":{"line":49,"column":33}},{"start":{"line":49,"column":37},"end":{"line":49,"column":42}}],"line":49},"5":{"loc":{"start":{"line":58,"column":4},"end":{"line":58,"column":23}},"type":"if","locations":[{"start":{"line":58,"column":4},"end":{"line":58,"column":23}},{"start":{},"end":{}}],"line":58},"6":{"loc":{"start":{"line":61,"column":4},"end":{"line":64,"column":5}},"type":"if","locations":[{"start":{"line":61,"column":4},"end":{"line":64,"column":5}},{"start":{},"end":{}}],"line":61},"7":{"loc":{"start":{"line":61,"column":8},"end":{"line":61,"column":70}},"type":"binary-expr","locations":[{"start":{"line":61,"column":8},"end":{"line":61,"column":33}},{"start":{"line":61,"column":37},"end":{"line":61,"column":70}}],"line":61},"8":{"loc":{"start":{"line":73,"column":8},"end":{"line":73,"column":61}},"type":"cond-expr","locations":[{"start":{"line":73,"column":36},"end":{"line":73,"column":49}},{"start":{"line":73,"column":52},"end":{"line":73,"column":61}}],"line":73},"9":{"loc":{"start":{"line":76,"column":6},"end":{"line":89,"column":7}},"type":"if","locations":[{"start":{"line":76,"column":6},"end":{"line":89,"column":7}},{"start":{"line":87,"column":13},"end":{"line":89,"column":7}}],"line":76},"10":{"loc":{"start":{"line":78,"column":18},"end":{"line":78,"column":39}},"type":"binary-expr","locations":[{"start":{"line":78,"column":18},"end":{"line":78,"column":34}},{"start":{"line":78,"column":38},"end":{"line":78,"column":39}}],"line":78},"11":{"loc":{"start":{"line":82,"column":8},"end":{"line":86,"column":9}},"type":"if","locations":[{"start":{"line":82,"column":8},"end":{"line":86,"column":9}},{"start":{},"end":{}}],"line":82},"12":{"loc":{"start":{"line":82,"column":12},"end":{"line":82,"column":62}},"type":"binary-expr","locations":[{"start":{"line":82,"column":12},"end":{"line":82,"column":37}},{"start":{"line":82,"column":41},"end":{"line":82,"column":62}}],"line":82},"13":{"loc":{"start":{"line":88,"column":17},"end":{"line":88,"column":62}},"type":"binary-expr","locations":[{"start":{"line":88,"column":17},"end":{"line":88,"column":32}},{"start":{"line":88,"column":36},"end":{"line":88,"column":62}}],"line":88},"14":{"loc":{"start":{"line":91,"column":15},"end":{"line":91,"column":48}},"type":"binary-expr","locations":[{"start":{"line":91,"column":15},"end":{"line":91,"column":26}},{"start":{"line":91,"column":30},"end":{"line":91,"column":48}}],"line":91},"15":{"loc":{"start":{"line":98,"column":4},"end":{"line":100,"column":5}},"type":"if","locations":[{"start":{"line":98,"column":4},"end":{"line":100,"column":5}},{"start":{},"end":{}}],"line":98},"16":{"loc":{"start":{"line":104,"column":2},"end":{"line":104,"column":53}},"type":"if","locations":[{"start":{"line":104,"column":2},"end":{"line":104,"column":53}},{"start":{},"end":{}}],"line":104},"17":{"loc":{"start":{"line":104,"column":6},"end":{"line":104,"column":41}},"type":"binary-expr","locations":[{"start":{"line":104,"column":6},"end":{"line":104,"column":12}},{"start":{"line":104,"column":16},"end":{"line":104,"column":41}}],"line":104},"18":{"loc":{"start":{"line":117,"column":4},"end":{"line":122,"column":5}},"type":"if","locations":[{"start":{"line":117,"column":4},"end":{"line":122,"column":5}},{"start":{},"end":{}}],"line":117},"19":{"loc":{"start":{"line":117,"column":8},"end":{"line":117,"column":55}},"type":"binary-expr","locations":[{"start":{"line":117,"column":8},"end":{"line":117,"column":26}},{"start":{"line":117,"column":30},"end":{"line":117,"column":55}}],"line":117},"20":{"loc":{"start":{"line":119,"column":6},"end":{"line":121,"column":7}},"type":"if","locations":[{"start":{"line":119,"column":6},"end":{"line":121,"column":7}},{"start":{},"end":{}}],"line":119},"21":{"loc":{"start":{"line":128,"column":2},"end":{"line":128,"column":37}},"type":"if","locations":[{"start":{"line":128,"column":2},"end":{"line":128,"column":37}},{"start":{},"end":{}}],"line":128},"22":{"loc":{"start":{"line":128,"column":6},"end":{"line":128,"column":23}},"type":"binary-expr","locations":[{"start":{"line":128,"column":6},"end":{"line":128,"column":13}},{"start":{"line":128,"column":17},"end":{"line":128,"column":23}}],"line":128},"23":{"loc":{"start":{"line":131,"column":2},"end":{"line":166,"column":3}},"type":"if","locations":[{"start":{"line":131,"column":2},"end":{"line":166,"column":3}},{"start":{},"end":{}}],"line":131},"24":{"loc":{"start":{"line":148,"column":13},"end":{"line":157,"column":13}},"type":"binary-expr","locations":[{"start":{"line":148,"column":13},"end":{"line":148,"column":35}},{"start":{"line":149,"column":14},"end":{"line":156,"column":20}}],"line":148},"25":{"loc":{"start":{"line":191,"column":19},"end":{"line":191,"column":55}},"type":"cond-expr","locations":[{"start":{"line":191,"column":43},"end":{"line":191,"column":48}},{"start":{"line":191,"column":51},"end":{"line":191,"column":55}}],"line":191},"26":{"loc":{"start":{"line":201,"column":13},"end":{"line":203,"column":13}},"type":"binary-expr","locations":[{"start":{"line":201,"column":13},"end":{"line":201,"column":27}},{"start":{"line":202,"column":8},"end":{"line":202,"column":86}}],"line":201},"27":{"loc":{"start":{"line":213,"column":27},"end":{"line":213,"column":78}},"type":"cond-expr","locations":[{"start":{"line":213,"column":57},"end":{"line":213,"column":66}},{"start":{"line":213,"column":69},"end":{"line":213,"column":78}}],"line":213},"28":{"loc":{"start":{"line":226,"column":11},"end":{"line":278,"column":11}},"type":"binary-expr","locations":[{"start":{"line":226,"column":11},"end":{"line":226,"column":36}},{"start":{"line":227,"column":12},"end":{"line":277,"column":18}}],"line":226},"29":{"loc":{"start":{"line":232,"column":72},"end":{"line":232,"column":93}},"type":"binary-expr","locations":[{"start":{"line":232,"column":72},"end":{"line":232,"column":86}},{"start":{"line":232,"column":90},"end":{"line":232,"column":93}}],"line":232},"30":{"loc":{"start":{"line":258,"column":15},"end":{"line":269,"column":15}},"type":"binary-expr","locations":[{"start":{"line":258,"column":15},"end":{"line":258,"column":34}},{"start":{"line":259,"column":16},"end":{"line":268,"column":22}}],"line":258},"31":{"loc":{"start":{"line":272,"column":15},"end":{"line":276,"column":15}},"type":"binary-expr","locations":[{"start":{"line":272,"column":15},"end":{"line":272,"column":48}},{"start":{"line":273,"column":16},"end":{"line":275,"column":22}}],"line":272},"32":{"loc":{"start":{"line":281,"column":11},"end":{"line":285,"column":11}},"type":"binary-expr","locations":[{"start":{"line":281,"column":11},"end":{"line":281,"column":16}},{"start":{"line":282,"column":12},"end":{"line":284,"column":18}}],"line":281},"33":{"loc":{"start":{"line":300,"column":16},"end":{"line":301,"column":80}},"type":"binary-expr","locations":[{"start":{"line":300,"column":16},"end":{"line":300,"column":26}},{"start":{"line":301,"column":17},"end":{"line":301,"column":42}},{"start":{"line":301,"column":46},"end":{"line":301,"column":79}}],"line":300},"34":{"loc":{"start":{"line":305,"column":15},"end":{"line":312,"column":15}},"type":"cond-expr","locations":[{"start":{"line":306,"column":16},"end":{"line":309,"column":22}},{"start":{"line":311,"column":16},"end":{"line":311,"column":32}}],"line":305}},"s":{"0":0,"1":0,"2":0,"3":0,"4":0,"5":0,"6":0,"7":0,"8":0,"9":0,"10":0,"11":0,"12":0,"13":0,"14":0,"15":0,"16":0,"17":0,"18":0,"19":0,"20":0,"21":0,"22":0,"23":0,"24":0,"25":0,"26":0,"27":0,"28":0,"29":0,"30":0,"31":0,"32":0,"33":0,"34":0,"35":0,"36":0,"37":0,"38":0,"39":0,"40":0,"41":0,"42":0,"43":0,"44":0,"45":0,"46":0,"47":0,"48":0,"49":0,"50":0,"51":0,"52":0,"53":0,"54":0,"55":0,"56":0,"57":0,"58":0,"59":0,"60":0,"61":0,"62":0,"63":0},"f":{"0":0,"1":0,"2":0,"3":0,"4":0,"5":0,"6":0,"7":0,"8":0,"9":0,"10":0,"11":0,"12":0},"b":{"0":[0],"1":[0,0],"2":[0,0],"3":[0,0],"4":[0,0],"5":[0,0],"6":[0,0],"7":[0,0],"8":[0,0],"9":[0,0],"10":[0,0],"11":[0,0],"12":[0,0],"13":[0,0],"14":[0,0],"15":[0,0],"16":[0,0],"17":[0,0],"18":[0,0],"19":[0,0],"20":[0,0],"21":[0,0],"22":[0,0],"23":[0,0],"24":[0,0],"25":[0,0],"26":[0,0],"27":[0,0],"28":[0,0],"29":[0,0],"30":[0,0],"31":[0,0],"32":[0,0],"33":[0,0,0],"34":[0,0]}}
}
