TN:
SF:apps\web\src\app\dashboard\caja\hooks\useCaja.ts
FN:29,(anonymous_0)
FN:56,(anonymous_1)
FN:61,(anonymous_2)
FN:77,(anonymous_3)
FN:101,(anonymous_4)
FN:124,(anonymous_5)
FN:127,(anonymous_6)
FN:145,(anonymous_7)
FN:158,(anonymous_8)
FN:167,(anonymous_9)
FN:176,(anonymous_10)
FN:183,(anonymous_11)
FN:192,(anonymous_12)
FN:203,(anonymous_13)
FN:260,(anonymous_14)
FN:271,(anonymous_15)
FN:289,(anonymous_16)
FN:295,(anonymous_17)
FN:312,(anonymous_18)
FN:325,(anonymous_19)
FN:331,(anonymous_20)
FN:338,(anonymous_21)
FN:351,(anonymous_22)
FN:356,(anonymous_23)
FN:356,(anonymous_24)
FN:359,(anonymous_25)
FN:366,(anonymous_26)
FN:372,(anonymous_27)
FN:374,(anonymous_28)
FN:389,(anonymous_29)
FN:410,(anonymous_30)
FN:479,(anonymous_31)
FN:488,(anonymous_32)
FNF:33
FNH:0
FNDA:0,(anonymous_0)
FNDA:0,(anonymous_1)
FNDA:0,(anonymous_2)
FNDA:0,(anonymous_3)
FNDA:0,(anonymous_4)
FNDA:0,(anonymous_5)
FNDA:0,(anonymous_6)
FNDA:0,(anonymous_7)
FNDA:0,(anonymous_8)
FNDA:0,(anonymous_9)
FNDA:0,(anonymous_10)
FNDA:0,(anonymous_11)
FNDA:0,(anonymous_12)
FNDA:0,(anonymous_13)
FNDA:0,(anonymous_14)
FNDA:0,(anonymous_15)
FNDA:0,(anonymous_16)
FNDA:0,(anonymous_17)
FNDA:0,(anonymous_18)
FNDA:0,(anonymous_19)
FNDA:0,(anonymous_20)
FNDA:0,(anonymous_21)
FNDA:0,(anonymous_22)
FNDA:0,(anonymous_23)
FNDA:0,(anonymous_24)
FNDA:0,(anonymous_25)
FNDA:0,(anonymous_26)
FNDA:0,(anonymous_27)
FNDA:0,(anonymous_28)
FNDA:0,(anonymous_29)
FNDA:0,(anonymous_30)
FNDA:0,(anonymous_31)
FNDA:0,(anonymous_32)
DA:29,0
DA:30,0
DA:31,0
DA:32,0
DA:34,0
DA:35,0
DA:45,0
DA:46,0
DA:47,0
DA:48,0
DA:53,0
DA:54,0
DA:56,0
DA:57,0
DA:58,0
DA:60,0
DA:62,0
DA:63,0
DA:64,0
DA:66,0
DA:71,0
DA:74,0
DA:78,0
DA:93,0
DA:94,0
DA:102,0
DA:117,0
DA:118,0
DA:125,0
DA:126,0
DA:127,0
DA:132,0
DA:134,0
DA:136,0
DA:137,0
DA:138,0
DA:139,0
DA:140,0
DA:141,0
DA:142,0
DA:143,0
DA:144,0
DA:145,0
DA:148,0
DA:150,0
DA:151,0
DA:152,0
DA:153,0
DA:154,0
DA:155,0
DA:156,0
DA:157,0
DA:158,0
DA:161,0
DA:164,0
DA:165,0
DA:166,0
DA:167,0
DA:170,0
DA:176,0
DA:183,0
DA:192,0
DA:202,0
DA:203,0
DA:206,0
DA:224,0
DA:229,0
DA:230,0
DA:231,0
DA:242,0
DA:243,0
DA:246,0
DA:247,0
DA:250,0
DA:251,0
DA:253,0
DA:259,0
DA:260,0
DA:261,0
DA:269,0
DA:271,0
DA:272,0
DA:273,0
DA:276,0
DA:279,0
DA:282,0
DA:290,0
DA:292,0
DA:295,0
DA:311,0
DA:312,0
DA:313,0
DA:314,0
DA:318,0
DA:326,0
DA:328,0
DA:331,0
DA:337,0
DA:338,0
DA:339,0
DA:340,0
DA:344,0
DA:352,0
DA:353,0
DA:356,0
DA:359,0
DA:365,0
DA:366,0
DA:367,0
DA:368,0
DA:372,0
DA:373,0
DA:374,0
DA:375,0
DA:379,0
DA:389,0
DA:394,0
DA:395,0
DA:396,0
DA:399,0
DA:400,0
DA:401,0
DA:403,0
DA:409,0
DA:411,0
DA:421,0
DA:422,0
DA:423,0
DA:426,0
DA:432,0
DA:433,0
DA:435,0
DA:436,0
DA:437,0
DA:438,0
DA:441,0
DA:442,0
DA:443,0
DA:444,0
DA:447,0
DA:450,0
DA:452,0
DA:453,0
DA:457,0
DA:466,0
DA:467,0
DA:472,0
DA:479,0
DA:480,0
DA:483,0
DA:488,0
DA:489,0
DA:490,0
DA:506,0
LF:154
LH:0
BRDA:54,0,0,0
BRDA:54,0,1,0
BRDA:63,1,0,0
BRDA:63,1,1,0
BRDA:93,2,0,0
BRDA:93,2,1,0
BRDA:94,3,0,0
BRDA:94,3,1,0
BRDA:117,4,0,0
BRDA:117,4,1,0
BRDA:118,5,0,0
BRDA:118,5,1,0
BRDA:125,6,0,0
BRDA:125,6,1,0
BRDA:134,7,0,0
BRDA:134,7,1,0
BRDA:150,8,0,0
BRDA:150,8,1,0
BRDA:165,9,0,0
BRDA:165,9,1,0
BRDA:174,10,0,0
BRDA:174,10,1,0
BRDA:189,11,0,0
BRDA:189,11,1,0
BRDA:206,12,0,0
BRDA:206,12,1,0
BRDA:213,13,0,0
BRDA:213,13,1,0
BRDA:224,14,0,0
BRDA:224,14,1,0
BRDA:272,15,0,0
BRDA:272,15,1,0
BRDA:272,16,0,0
BRDA:272,16,1,0
BRDA:298,17,0,0
BRDA:298,17,1,0
BRDA:301,18,0,0
BRDA:301,18,1,0
BRDA:304,19,0,0
BRDA:304,19,1,0
BRDA:311,20,0,0
BRDA:311,20,1,0
BRDA:313,21,0,0
BRDA:313,21,1,0
BRDA:313,22,0,0
BRDA:313,22,1,0
BRDA:314,23,0,0
BRDA:314,23,1,0
BRDA:314,24,0,0
BRDA:314,24,1,0
BRDA:337,25,0,0
BRDA:337,25,1,0
BRDA:339,26,0,0
BRDA:339,26,1,0
BRDA:339,27,0,0
BRDA:339,27,1,0
BRDA:340,28,0,0
BRDA:340,28,1,0
BRDA:340,29,0,0
BRDA:340,29,1,0
BRDA:345,30,0,0
BRDA:345,30,1,0
BRDA:350,31,0,0
BRDA:350,31,1,0
BRDA:352,32,0,0
BRDA:352,32,1,0
BRDA:352,33,0,0
BRDA:352,33,1,0
BRDA:365,34,0,0
BRDA:365,34,1,0
BRDA:367,35,0,0
BRDA:367,35,1,0
BRDA:367,36,0,0
BRDA:367,36,1,0
BRDA:368,37,0,0
BRDA:368,37,1,0
BRDA:368,38,0,0
BRDA:368,38,1,0
BRDA:395,39,0,0
BRDA:395,39,1,0
BRDA:401,40,0,0
BRDA:401,40,1,0
BRDA:417,41,0,0
BRDA:417,41,1,0
BRDA:421,42,0,0
BRDA:421,42,1,0
BRDA:432,43,0,0
BRDA:432,43,1,0
BRDA:432,44,0,0
BRDA:432,44,1,0
BRDA:435,45,0,0
BRDA:435,45,1,0
BRDA:437,46,0,0
BRDA:437,46,1,0
BRDA:441,47,0,0
BRDA:441,47,1,0
BRDA:443,48,0,0
BRDA:443,48,1,0
BRDA:447,49,0,0
BRDA:447,49,1,0
BRDA:452,50,0,0
BRDA:452,50,1,0
BRDA:492,51,0,0
BRDA:492,51,1,0
BRDA:495,52,0,0
BRDA:495,52,1,0
BRF:106
BRH:0
end_of_record
TN:
SF:apps\web\src\app\dashboard\caja\hooks\useCajaSesion.ts
FN:15,(anonymous_0)
FN:24,(anonymous_1)
FN:118,(anonymous_2)
FN:223,(anonymous_3)
FN:228,(anonymous_4)
FN:234,(anonymous_5)
FN:345,(anonymous_6)
FNF:7
FNH:6
FNDA:34,(anonymous_0)
FNDA:5,(anonymous_1)
FNDA:14,(anonymous_2)
FNDA:24,(anonymous_3)
FNDA:14,(anonymous_4)
FNDA:4,(anonymous_5)
FNDA:0,(anonymous_6)
DA:15,3
DA:16,34
DA:17,34
DA:18,34
DA:19,34
DA:20,34
DA:21,34
DA:22,34
DA:24,34
DA:25,5
DA:26,5
DA:27,5
DA:29,5
DA:30,5
DA:31,5
DA:32,1
DA:35,4
DA:37,3
DA:38,3
DA:39,3
DA:43,3
DA:44,0
DA:45,3
DA:46,1
DA:50,1
DA:51,0
DA:53,1
DA:58,2
DA:59,0
DA:60,0
DA:61,0
DA:68,0
DA:69,0
DA:70,0
DA:71,0
DA:72,0
DA:73,0
DA:76,0
DA:77,0
DA:80,0
DA:81,0
DA:85,0
DA:91,3
DA:102,3
DA:104,2
DA:105,2
DA:106,2
DA:107,2
DA:110,3
DA:111,3
DA:112,3
DA:114,5
DA:118,34
DA:119,14
DA:120,14
DA:121,14
DA:122,14
DA:124,13
DA:132,13
DA:133,1
DA:136,12
DA:138,7
DA:144,7
DA:145,7
DA:146,7
DA:147,7
DA:149,7
DA:151,3
DA:152,3
DA:153,3
DA:154,3
DA:155,3
DA:156,3
DA:157,3
DA:159,3
DA:160,3
DA:164,1
DA:165,0
DA:166,1
DA:167,0
DA:169,1
DA:173,2
DA:176,3
DA:177,2
DA:178,2
DA:179,2
DA:180,2
DA:183,1
DA:184,1
DA:185,1
DA:186,1
DA:187,0
DA:188,0
DA:189,0
DA:191,1
DA:192,1
DA:193,1
DA:197,0
DA:198,0
DA:199,0
DA:201,1
DA:203,4
DA:204,4
DA:205,4
DA:206,4
DA:209,5
DA:210,5
DA:214,1
DA:215,1
DA:217,14
DA:222,34
DA:223,34
DA:224,24
DA:228,34
DA:229,14
DA:233,34
DA:235,4
DA:236,4
DA:237,4
DA:239,4
DA:240,4
DA:241,0
DA:245,4
DA:248,4
DA:249,4
DA:250,4
DA:256,4
DA:258,1
DA:259,1
DA:260,1
DA:261,1
DA:262,1
DA:264,0
DA:266,3
DA:267,2
DA:268,1
DA:269,1
DA:270,1
DA:272,1
DA:273,1
DA:274,1
DA:276,1
DA:278,0
DA:279,0
DA:280,0
DA:283,0
DA:290,0
DA:291,0
DA:292,0
DA:293,0
DA:294,0
DA:296,0
DA:308,0
DA:309,0
DA:312,1
DA:317,1
DA:319,1
DA:320,1
DA:321,1
DA:322,1
DA:323,1
DA:326,0
DA:327,0
DA:328,0
DA:330,4
DA:336,34
DA:345,0
LF:167
LH:125
BRDA:30,0,0,5
BRDA:30,0,1,4
BRDA:31,1,0,1
BRDA:31,1,1,4
BRDA:31,2,0,5
BRDA:31,2,1,5
BRDA:35,3,0,3
BRDA:35,3,1,1
BRDA:43,4,0,0
BRDA:43,4,1,3
BRDA:45,5,0,1
BRDA:45,5,1,2
BRDA:45,6,0,3
BRDA:45,6,1,3
BRDA:50,7,0,0
BRDA:50,7,1,1
BRDA:58,8,0,0
BRDA:58,8,1,2
BRDA:69,9,0,0
BRDA:69,9,1,0
BRDA:69,10,0,0
BRDA:69,10,1,0
BRDA:70,11,0,0
BRDA:70,11,1,0
BRDA:71,12,0,0
BRDA:71,12,1,0
BRDA:71,13,0,0
BRDA:71,13,1,0
BRDA:73,14,0,0
BRDA:73,14,1,0
BRDA:73,15,0,0
BRDA:73,15,1,0
BRDA:76,16,0,0
BRDA:76,16,1,0
BRDA:80,17,0,0
BRDA:80,17,1,0
BRDA:102,18,0,1
BRDA:102,18,1,2
BRDA:122,19,0,1
BRDA:122,19,1,13
BRDA:132,20,0,1
BRDA:132,20,1,12
BRDA:132,21,0,13
BRDA:132,21,1,6
BRDA:136,22,0,7
BRDA:136,22,1,5
BRDA:145,23,0,7
BRDA:145,23,1,0
BRDA:149,24,0,3
BRDA:149,24,1,4
BRDA:155,25,0,3
BRDA:155,25,1,0
BRDA:164,26,0,0
BRDA:164,26,1,1
BRDA:166,27,0,0
BRDA:166,27,1,1
BRDA:166,28,0,1
BRDA:166,28,1,1
BRDA:176,29,0,2
BRDA:176,29,1,1
BRDA:184,30,0,1
BRDA:184,30,1,0
BRDA:186,31,0,0
BRDA:186,31,1,1
BRDA:240,32,0,0
BRDA:240,32,1,4
BRDA:245,33,0,4
BRDA:245,33,1,0
BRDA:252,34,0,4
BRDA:252,34,1,4
BRDA:256,35,0,1
BRDA:256,35,1,3
BRDA:258,36,0,1
BRDA:258,36,1,0
BRDA:260,37,0,1
BRDA:260,37,1,1
BRDA:260,37,2,1
BRDA:261,38,0,1
BRDA:261,38,1,0
BRDA:266,39,0,2
BRDA:266,39,1,1
BRDA:267,40,0,1
BRDA:267,40,1,1
BRDA:272,41,0,1
BRDA:272,41,1,1
BRDA:278,42,0,0
BRDA:278,42,1,0
BRDA:279,43,0,0
BRDA:279,43,1,0
BRDA:290,44,0,0
BRDA:290,44,1,0
BRDA:291,45,0,0
BRDA:291,45,1,0
BRDA:300,46,0,0
BRDA:300,46,1,0
BRDA:308,47,0,0
BRDA:308,47,1,0
BRDA:309,48,0,0
BRDA:309,48,1,0
BRDA:317,49,0,0
BRDA:317,49,1,1
BRDA:322,50,0,1
BRDA:322,50,1,0
BRF:103
BRH:56
end_of_record
TN:
SF:apps\web\src\app\dashboard\caja\hooks\useGastos.ts
FN:12,(anonymous_0)
FN:28,(anonymous_1)
FN:50,(anonymous_2)
FN:55,(anonymous_3)
FN:88,(anonymous_4)
FN:109,(anonymous_5)
FN:135,(anonymous_6)
FN:136,(anonymous_7)
FN:140,(anonymous_8)
FN:144,(anonymous_9)
FNF:10
FNH:0
FNDA:0,(anonymous_0)
FNDA:0,(anonymous_1)
FNDA:0,(anonymous_2)
FNDA:0,(anonymous_3)
FNDA:0,(anonymous_4)
FNDA:0,(anonymous_5)
FNDA:0,(anonymous_6)
FNDA:0,(anonymous_7)
FNDA:0,(anonymous_8)
FNDA:0,(anonymous_9)
DA:12,0
DA:13,0
DA:14,0
DA:15,0
DA:16,0
DA:17,0
DA:18,0
DA:28,0
DA:29,0
DA:30,0
DA:31,0
DA:32,0
DA:34,0
DA:36,0
DA:37,0
DA:38,0
DA:39,0
DA:42,0
DA:43,0
DA:45,0
DA:50,0
DA:51,0
DA:55,0
DA:56,0
DA:57,0
DA:58,0
DA:61,0
DA:62,0
DA:63,0
DA:65,0
DA:74,0
DA:76,0
DA:79,0
DA:80,0
DA:81,0
DA:83,0
DA:88,0
DA:89,0
DA:90,0
DA:92,0
DA:95,0
DA:97,0
DA:100,0
DA:101,0
DA:102,0
DA:104,0
DA:109,0
DA:110,0
DA:112,0
DA:113,0
DA:116,0
DA:117,0
DA:120,0
DA:121,0
DA:124,0
DA:125,0
DA:128,0
DA:135,0
DA:136,0
DA:140,0
DA:141,0
DA:143,0
DA:144,0
DA:145,0
DA:151,0
LF:65
LH:0
BRDA:32,0,0,0
BRDA:32,0,1,0
BRDA:57,1,0,0
BRDA:57,1,1,0
BRDA:63,2,0,0
BRDA:63,2,1,0
BRDA:112,3,0,0
BRDA:112,3,1,0
BRDA:112,4,0,0
BRDA:112,4,1,0
BRDA:116,5,0,0
BRDA:116,5,1,0
BRDA:120,6,0,0
BRDA:120,6,1,0
BRDA:124,7,0,0
BRDA:124,7,1,0
BRDA:124,8,0,0
BRDA:124,8,1,0
BRDA:141,9,0,0
BRDA:141,9,1,0
BRDA:145,10,0,0
BRDA:145,10,1,0
BRDA:145,10,2,0
BRDA:145,10,3,0
BRF:24
BRH:0
end_of_record
TN:
SF:apps\web\src\app\dashboard\caja\pages\modals\ModalProcesarPago.tsx
FN:22,(anonymous_0)
FN:37,(anonymous_1)
FN:48,(anonymous_2)
FN:57,(anonymous_3)
FN:83,(anonymous_4)
FN:97,(anonymous_5)
FN:103,(anonymous_6)
FN:126,(anonymous_7)
FN:210,(anonymous_8)
FN:214,(anonymous_9)
FN:232,(anonymous_10)
FN:242,(anonymous_11)
FN:247,(anonymous_12)
FNF:13
FNH:0
FNDA:0,(anonymous_0)
FNDA:0,(anonymous_1)
FNDA:0,(anonymous_2)
FNDA:0,(anonymous_3)
FNDA:0,(anonymous_4)
FNDA:0,(anonymous_5)
FNDA:0,(anonymous_6)
FNDA:0,(anonymous_7)
FNDA:0,(anonymous_8)
FNDA:0,(anonymous_9)
FNDA:0,(anonymous_10)
FNDA:0,(anonymous_11)
FNDA:0,(anonymous_12)
DA:22,0
DA:29,0
DA:30,0
DA:31,0
DA:32,0
DA:33,0
DA:34,0
DA:37,0
DA:38,0
DA:39,0
DA:40,0
DA:41,0
DA:42,0
DA:43,0
DA:48,0
DA:49,0
DA:50,0
DA:51,0
DA:53,0
DA:57,0
DA:58,0
DA:61,0
DA:62,0
DA:63,0
DA:66,0
DA:67,0
DA:68,0
DA:70,0
DA:76,0
DA:77,0
DA:82,0
DA:83,0
DA:84,0
DA:88,0
DA:91,0
DA:93,0
DA:97,0
DA:98,0
DA:99,0
DA:103,0
DA:104,0
DA:106,0
DA:107,0
DA:110,0
DA:113,0
DA:115,0
DA:116,0
DA:117,0
DA:119,0
DA:120,0
DA:126,0
DA:128,0
DA:131,0
DA:132,0
DA:168,0
DA:211,0
DA:214,0
DA:232,0
DA:243,0
DA:247,0
LF:60
LH:0
BRDA:27,0,0,0
BRDA:38,1,0,0
BRDA:38,1,1,0
BRDA:38,2,0,0
BRDA:38,2,1,0
BRDA:49,3,0,0
BRDA:49,3,1,0
BRDA:49,4,0,0
BRDA:49,4,1,0
BRDA:58,5,0,0
BRDA:58,5,1,0
BRDA:61,6,0,0
BRDA:61,6,1,0
BRDA:61,7,0,0
BRDA:61,7,1,0
BRDA:73,8,0,0
BRDA:73,8,1,0
BRDA:76,9,0,0
BRDA:76,9,1,0
BRDA:78,10,0,0
BRDA:78,10,1,0
BRDA:82,11,0,0
BRDA:82,11,1,0
BRDA:82,12,0,0
BRDA:82,12,1,0
BRDA:88,13,0,0
BRDA:88,13,1,0
BRDA:91,14,0,0
BRDA:91,14,1,0
BRDA:98,15,0,0
BRDA:98,15,1,0
BRDA:104,16,0,0
BRDA:104,16,1,0
BRDA:104,17,0,0
BRDA:104,17,1,0
BRDA:117,18,0,0
BRDA:117,18,1,0
BRDA:117,19,0,0
BRDA:117,19,1,0
BRDA:119,20,0,0
BRDA:119,20,1,0
BRDA:128,21,0,0
BRDA:128,21,1,0
BRDA:128,22,0,0
BRDA:128,22,1,0
BRDA:131,23,0,0
BRDA:131,23,1,0
BRDA:148,24,0,0
BRDA:148,24,1,0
BRDA:191,25,0,0
BRDA:191,25,1,0
BRDA:201,26,0,0
BRDA:201,26,1,0
BRDA:213,27,0,0
BRDA:213,27,1,0
BRDA:226,28,0,0
BRDA:226,28,1,0
BRDA:232,29,0,0
BRDA:232,29,1,0
BRDA:258,30,0,0
BRDA:258,30,1,0
BRDA:272,31,0,0
BRDA:272,31,1,0
BRDA:281,32,0,0
BRDA:281,32,1,0
BRDA:300,33,0,0
BRDA:300,33,1,0
BRDA:300,33,2,0
BRDA:305,34,0,0
BRDA:305,34,1,0
BRF:70
BRH:0
end_of_record
